<?xml version="1.0" encoding="UTF-8"?>
<testsuite xmlns:xsi="http://www.w3.org/2001/XMLSchema-instance" xsi:noNamespaceSchemaLocation="https://maven.apache.org/surefire/maven-surefire-plugin/xsd/surefire-test-report.xsd" name="com.trello.clone.application.service.IdentityServiceTest" time="0.551" tests="4" errors="0" skipped="0" failures="0">
  <properties>
[...]
</properties>
  <testcase name="shouldReturnTokens_whenAuthenticate_withValidUsernameAndPassword" classname="com.trello.clone.application.service.IdentityServiceTest" time="0.102"/>
  <testcase name="shouldReturnOk_whenUserLogout_andSessionExists" classname="com.trello.clone.application.service.IdentityServiceTest" time="0.002"/>
  <testcase name="shouldReturnTokens_whenRefresh_withValidRefreshToken" classname="com.trello.clone.application.service.IdentityServiceTest" time="0.002"/>
  <testcase name="shouldReturnError_whenUserLogin_andSessionAlreadyExists" classname="com.trello.clone.application.service.IdentityServiceTest" time="0.004"/>
</testsuite>