<?xml version="1.0" encoding="UTF-8"?>
<testsuite xmlns:xsi="http://www.w3.org/2001/XMLSchema-instance" xsi:noNamespaceSchemaLocation="https://maven.apache.org/surefire/maven-failsafe-plugin/xsd/failsafe-test-report.xsd" name="com.trello.clone.integration.AlmendeServiceIT" time="20.179" tests="16" errors="0" skipped="0" failures="11">
  <properties>
[...]
</properties>
  <testcase name="whenRegisterUsingInvalidPayload_ThenExpectError" classname="com.trello.clone.integration.AlmendeServiceIT$NestedRegistrationST" time="0.901"/>
  <testcase name="whenRegisterUsingValidPayload_ThenExpectOKStatus" classname="com.trello.clone.integration.AlmendeServiceIT$NestedRegistrationST" time="0.498"/>
  <testcase name="whenLoginWithValidUsername_ThenExpectTokenPair" classname="com.trello.clone.integration.AlmendeServiceIT$NestedAuthenticationST" time="0.238"/>
  <testcase name="whenLoginWithValidEmail_AndSessionExists_ThenExpectConflictError" classname="com.trello.clone.integration.AlmendeServiceIT$NestedAuthenticationST" time="0.059"/>
  <testcase name="whenRefreshingWithValidToken_thenExpectNewTokenPair" classname="com.trello.clone.integration.AlmendeServiceIT$NestedRefreshSessionST" time="0.057">
    <failure message="&#10;Expecting actual not to be null" type="java.lang.AssertionError">java.lang.AssertionError: 

Expecting actual not to be null
</failure>
    <system-out><![CDATA[01:22:40.223 [main] DEBUG org.springframework.web.reactive.function.client.ExchangeFunctions - [cedee22] HTTP GET http://localhost:49175/api/auth/refresh?refreshToken=eyJ0eXAiOiJKV1QiLCJhbGciOiJIUzUxMiJ9.eyJzdWIiOiI3ZGZiM2UzMi1jNzg3LTQyMDItYWYxMy01OGUxMmZjMTQzYmMiLCJpc3MiOiJBZ2lsZSBJZGVudGl0eSBTZXJ2aWNlIiwiZXhwIjoxNjY0ODIxNzgwLCJpYXQiOjE2NjQ4MjEzNjAsImp0aSI6IjQxZTBjOGY3LWI5MDktNGVjYy1hZjA1LTU0MzFlMTVlNmUyMiJ9.LmPKD4i5bQI1-h90MW4RCB2zsFK5lrTYan0sD3B7BXNVcvck2HHxyZrdCigfIJ2M9wPRwZEyc5WJkGxsnKPngg
01:22:40.224 [reactor-http-epoll-2] DEBUG reactor.netty.resources.PooledConnectionProvider - [e4e01417, L:/127.0.0.1:38198 - R:localhost/127.0.0.1:49175] Channel acquired, now: 1 active connections, 0 inactive connections and 0 pending acquire requests.
01:22:40.225 [reactor-http-epoll-2] DEBUG reactor.netty.http.client.HttpClientConnect - [e4e01417-5, L:/127.0.0.1:38198 - R:localhost/127.0.0.1:49175] Handler is being applied: {uri=http://localhost:49175/api/auth/refresh?refreshToken=eyJ0eXAiOiJKV1QiLCJhbGciOiJIUzUxMiJ9.eyJzdWIiOiI3ZGZiM2UzMi1jNzg3LTQyMDItYWYxMy01OGUxMmZjMTQzYmMiLCJpc3MiOiJBZ2lsZSBJZGVudGl0eSBTZXJ2aWNlIiwiZXhwIjoxNjY0ODIxNzgwLCJpYXQiOjE2NjQ4MjEzNjAsImp0aSI6IjQxZTBjOGY3LWI5MDktNGVjYy1hZjA1LTU0MzFlMTVlNmUyMiJ9.LmPKD4i5bQI1-h90MW4RCB2zsFK5lrTYan0sD3B7BXNVcvck2HHxyZrdCigfIJ2M9wPRwZEyc5WJkGxsnKPngg, method=GET}
01:22:40.225 [reactor-http-epoll-2] DEBUG reactor.netty.resources.DefaultPooledConnectionProvider - [e4e01417-5, L:/127.0.0.1:38198 - R:localhost/127.0.0.1:49175] onStateChange(GET{uri=/api/auth/refresh?refreshToken=eyJ0eXAiOiJKV1QiLCJhbGciOiJIUzUxMiJ9.eyJzdWIiOiI3ZGZiM2UzMi1jNzg3LTQyMDItYWYxMy01OGUxMmZjMTQzYmMiLCJpc3MiOiJBZ2lsZSBJZGVudGl0eSBTZXJ2aWNlIiwiZXhwIjoxNjY0ODIxNzgwLCJpYXQiOjE2NjQ4MjEzNjAsImp0aSI6IjQxZTBjOGY3LWI5MDktNGVjYy1hZjA1LTU0MzFlMTVlNmUyMiJ9.LmPKD4i5bQI1-h90MW4RCB2zsFK5lrTYan0sD3B7BXNVcvck2HHxyZrdCigfIJ2M9wPRwZEyc5WJkGxsnKPngg, connection=PooledConnection{channel=[id: 0xe4e01417, L:/127.0.0.1:38198 - R:localhost/127.0.0.1:49175]}}, [request_prepared])
01:22:40.228 [reactor-http-epoll-2] DEBUG reactor.netty.resources.DefaultPooledConnectionProvider - [e4e01417-5, L:/127.0.0.1:38198 - R:localhost/127.0.0.1:49175] onStateChange(GET{uri=/api/auth/refresh?refreshToken=eyJ0eXAiOiJKV1QiLCJhbGciOiJIUzUxMiJ9.eyJzdWIiOiI3ZGZiM2UzMi1jNzg3LTQyMDItYWYxMy01OGUxMmZjMTQzYmMiLCJpc3MiOiJBZ2lsZSBJZGVudGl0eSBTZXJ2aWNlIiwiZXhwIjoxNjY0ODIxNzgwLCJpYXQiOjE2NjQ4MjEzNjAsImp0aSI6IjQxZTBjOGY3LWI5MDktNGVjYy1hZjA1LTU0MzFlMTVlNmUyMiJ9.LmPKD4i5bQI1-h90MW4RCB2zsFK5lrTYan0sD3B7BXNVcvck2HHxyZrdCigfIJ2M9wPRwZEyc5WJkGxsnKPngg, connection=PooledConnection{channel=[id: 0xe4e01417, L:/127.0.0.1:38198 - R:localhost/127.0.0.1:49175]}}, [request_sent])
01:22:40.252 [reactor-http-epoll-2] DEBUG reactor.netty.http.client.HttpClientOperations - [e4e01417-5, L:/127.0.0.1:38198 - R:localhost/127.0.0.1:49175] Received response (auto-read:false) : [Vary=Origin, Vary=Access-Control-Request-Method, Vary=Access-Control-Request-Headers, Content-Type=application/json, Cache-Control=no-cache, no-store, max-age=0, must-revalidate, Pragma=no-cache, Expires=0, X-Content-Type-Options=nosniff, X-Frame-Options=DENY, X-XSS-Protection=1 ; mode=block, Referrer-Policy=no-referrer, content-length=0]
01:22:40.252 [reactor-http-epoll-2] DEBUG reactor.netty.resources.DefaultPooledConnectionProvider - [e4e01417-5, L:/127.0.0.1:38198 - R:localhost/127.0.0.1:49175] onStateChange(GET{uri=/api/auth/refresh?refreshToken=eyJ0eXAiOiJKV1QiLCJhbGciOiJIUzUxMiJ9.eyJzdWIiOiI3ZGZiM2UzMi1jNzg3LTQyMDItYWYxMy01OGUxMmZjMTQzYmMiLCJpc3MiOiJBZ2lsZSBJZGVudGl0eSBTZXJ2aWNlIiwiZXhwIjoxNjY0ODIxNzgwLCJpYXQiOjE2NjQ4MjEzNjAsImp0aSI6IjQxZTBjOGY3LWI5MDktNGVjYy1hZjA1LTU0MzFlMTVlNmUyMiJ9.LmPKD4i5bQI1-h90MW4RCB2zsFK5lrTYan0sD3B7BXNVcvck2HHxyZrdCigfIJ2M9wPRwZEyc5WJkGxsnKPngg, connection=PooledConnection{channel=[id: 0xe4e01417, L:/127.0.0.1:38198 - R:localhost/127.0.0.1:49175]}}, [response_received])
01:22:40.253 [reactor-http-epoll-2] DEBUG org.springframework.web.reactive.function.client.ExchangeFunctions - [cedee22] [e4e01417-5, L:/127.0.0.1:38198 - R:localhost/127.0.0.1:49175] Response 200 OK
01:22:40.253 [reactor-http-epoll-2] DEBUG reactor.netty.http.client.HttpClientOperations - [e4e01417-5, L:/127.0.0.1:38198 - R:localhost/127.0.0.1:49175] Received last HTTP packet
01:22:40.253 [reactor-http-epoll-2] DEBUG reactor.netty.resources.DefaultPooledConnectionProvider - [e4e01417, L:/127.0.0.1:38198 - R:localhost/127.0.0.1:49175] onStateChange(GET{uri=/api/auth/refresh?refreshToken=eyJ0eXAiOiJKV1QiLCJhbGciOiJIUzUxMiJ9.eyJzdWIiOiI3ZGZiM2UzMi1jNzg3LTQyMDItYWYxMy01OGUxMmZjMTQzYmMiLCJpc3MiOiJBZ2lsZSBJZGVudGl0eSBTZXJ2aWNlIiwiZXhwIjoxNjY0ODIxNzgwLCJpYXQiOjE2NjQ4MjEzNjAsImp0aSI6IjQxZTBjOGY3LWI5MDktNGVjYy1hZjA1LTU0MzFlMTVlNmUyMiJ9.LmPKD4i5bQI1-h90MW4RCB2zsFK5lrTYan0sD3B7BXNVcvck2HHxyZrdCigfIJ2M9wPRwZEyc5WJkGxsnKPngg, connection=PooledConnection{channel=[id: 0xe4e01417, L:/127.0.0.1:38198 - R:localhost/127.0.0.1:49175]}}, [response_completed])
01:22:40.253 [reactor-http-epoll-2] DEBUG reactor.netty.resources.DefaultPooledConnectionProvider - [e4e01417, L:/127.0.0.1:38198 - R:localhost/127.0.0.1:49175] onStateChange(GET{uri=/api/auth/refresh?refreshToken=eyJ0eXAiOiJKV1QiLCJhbGciOiJIUzUxMiJ9.eyJzdWIiOiI3ZGZiM2UzMi1jNzg3LTQyMDItYWYxMy01OGUxMmZjMTQzYmMiLCJpc3MiOiJBZ2lsZSBJZGVudGl0eSBTZXJ2aWNlIiwiZXhwIjoxNjY0ODIxNzgwLCJpYXQiOjE2NjQ4MjEzNjAsImp0aSI6IjQxZTBjOGY3LWI5MDktNGVjYy1hZjA1LTU0MzFlMTVlNmUyMiJ9.LmPKD4i5bQI1-h90MW4RCB2zsFK5lrTYan0sD3B7BXNVcvck2HHxyZrdCigfIJ2M9wPRwZEyc5WJkGxsnKPngg, connection=PooledConnection{channel=[id: 0xe4e01417, L:/127.0.0.1:38198 - R:localhost/127.0.0.1:49175]}}, [disconnecting])
01:22:40.253 [reactor-http-epoll-2] DEBUG reactor.netty.resources.DefaultPooledConnectionProvider - [e4e01417, L:/127.0.0.1:38198 - R:localhost/127.0.0.1:49175] Releasing channel
01:22:40.253 [reactor-http-epoll-2] DEBUG reactor.netty.resources.PooledConnectionProvider - [e4e01417, L:/127.0.0.1:38198 - R:localhost/127.0.0.1:49175] Channel cleaned, now: 0 active connections, 1 inactive connections and 0 pending acquire requests.
01:22:40.253 [reactor-http-epoll-2] DEBUG reactor.netty.channel.FluxReceive - [e4e01417, L:/127.0.0.1:38198 - R:localhost/127.0.0.1:49175] FluxReceive{pending=0, cancelled=false, inboundDone=true, inboundError=null}: subscribing inbound receiver
]]></system-out>
  </testcase>
  <testcase name="whenRefreshingWithInvalidSession_thenExpectInvalidatedError" classname="com.trello.clone.integration.AlmendeServiceIT$NestedRefreshSessionST" time="0.057">
    <failure message="No value at JSON path &quot;$.status&quot;" type="java.lang.AssertionError">java.lang.AssertionError: No value at JSON path "$.status"
Caused by: java.lang.IllegalArgumentException: json can not be null or empty
</failure>
    <system-out><![CDATA[01:22:40.278 [main] DEBUG org.springframework.web.reactive.function.client.ExchangeFunctions - [4997552e] HTTP GET http://localhost:49175/api/auth/refresh?refreshToken=eyJ0eXAiOiJKV1QiLCJhbGciOiJIUzUxMiJ9.eyJzdWIiOiI3ZGZiM2UzMi1jNzg3LTQyMDItYWYxMy01OGUxMmZjMTQzYmMiLCJpc3MiOiJBZ2lsZSBJZGVudGl0eSBTZXJ2aWNlIiwiZXhwIjoxNjY0ODIxNzgwLCJpYXQiOjE2NjQ4MjEzNjAsImp0aSI6IjQxZTBjOGY3LWI5MDktNGVjYy1hZjA1LTU0MzFlMTVlNmUyMiJ9.LmPKD4i5bQI1-h90MW4RCB2zsFK5lrTYan0sD3B7BXNVcvck2HHxyZrdCigfIJ2M9wPRwZEyc5WJkGxsnKPngg
01:22:40.278 [reactor-http-epoll-2] DEBUG reactor.netty.resources.PooledConnectionProvider - [e4e01417, L:/127.0.0.1:38198 - R:localhost/127.0.0.1:49175] Channel acquired, now: 1 active connections, 0 inactive connections and 0 pending acquire requests.
01:22:40.279 [reactor-http-epoll-2] DEBUG reactor.netty.http.client.HttpClientConnect - [e4e01417-6, L:/127.0.0.1:38198 - R:localhost/127.0.0.1:49175] Handler is being applied: {uri=http://localhost:49175/api/auth/refresh?refreshToken=eyJ0eXAiOiJKV1QiLCJhbGciOiJIUzUxMiJ9.eyJzdWIiOiI3ZGZiM2UzMi1jNzg3LTQyMDItYWYxMy01OGUxMmZjMTQzYmMiLCJpc3MiOiJBZ2lsZSBJZGVudGl0eSBTZXJ2aWNlIiwiZXhwIjoxNjY0ODIxNzgwLCJpYXQiOjE2NjQ4MjEzNjAsImp0aSI6IjQxZTBjOGY3LWI5MDktNGVjYy1hZjA1LTU0MzFlMTVlNmUyMiJ9.LmPKD4i5bQI1-h90MW4RCB2zsFK5lrTYan0sD3B7BXNVcvck2HHxyZrdCigfIJ2M9wPRwZEyc5WJkGxsnKPngg, method=GET}
01:22:40.279 [reactor-http-epoll-2] DEBUG reactor.netty.resources.DefaultPooledConnectionProvider - [e4e01417-6, L:/127.0.0.1:38198 - R:localhost/127.0.0.1:49175] onStateChange(GET{uri=/api/auth/refresh?refreshToken=eyJ0eXAiOiJKV1QiLCJhbGciOiJIUzUxMiJ9.eyJzdWIiOiI3ZGZiM2UzMi1jNzg3LTQyMDItYWYxMy01OGUxMmZjMTQzYmMiLCJpc3MiOiJBZ2lsZSBJZGVudGl0eSBTZXJ2aWNlIiwiZXhwIjoxNjY0ODIxNzgwLCJpYXQiOjE2NjQ4MjEzNjAsImp0aSI6IjQxZTBjOGY3LWI5MDktNGVjYy1hZjA1LTU0MzFlMTVlNmUyMiJ9.LmPKD4i5bQI1-h90MW4RCB2zsFK5lrTYan0sD3B7BXNVcvck2HHxyZrdCigfIJ2M9wPRwZEyc5WJkGxsnKPngg, connection=PooledConnection{channel=[id: 0xe4e01417, L:/127.0.0.1:38198 - R:localhost/127.0.0.1:49175]}}, [request_prepared])
01:22:40.280 [reactor-http-epoll-2] DEBUG reactor.netty.resources.DefaultPooledConnectionProvider - [e4e01417-6, L:/127.0.0.1:38198 - R:localhost/127.0.0.1:49175] onStateChange(GET{uri=/api/auth/refresh?refreshToken=eyJ0eXAiOiJKV1QiLCJhbGciOiJIUzUxMiJ9.eyJzdWIiOiI3ZGZiM2UzMi1jNzg3LTQyMDItYWYxMy01OGUxMmZjMTQzYmMiLCJpc3MiOiJBZ2lsZSBJZGVudGl0eSBTZXJ2aWNlIiwiZXhwIjoxNjY0ODIxNzgwLCJpYXQiOjE2NjQ4MjEzNjAsImp0aSI6IjQxZTBjOGY3LWI5MDktNGVjYy1hZjA1LTU0MzFlMTVlNmUyMiJ9.LmPKD4i5bQI1-h90MW4RCB2zsFK5lrTYan0sD3B7BXNVcvck2HHxyZrdCigfIJ2M9wPRwZEyc5WJkGxsnKPngg, connection=PooledConnection{channel=[id: 0xe4e01417, L:/127.0.0.1:38198 - R:localhost/127.0.0.1:49175]}}, [request_sent])
01:22:40.294 [reactor-http-epoll-2] DEBUG reactor.netty.http.client.HttpClientOperations - [e4e01417-6, L:/127.0.0.1:38198 - R:localhost/127.0.0.1:49175] Received response (auto-read:false) : [Vary=Origin, Vary=Access-Control-Request-Method, Vary=Access-Control-Request-Headers, Content-Type=application/json, Cache-Control=no-cache, no-store, max-age=0, must-revalidate, Pragma=no-cache, Expires=0, X-Content-Type-Options=nosniff, X-Frame-Options=DENY, X-XSS-Protection=1 ; mode=block, Referrer-Policy=no-referrer, content-length=0]
01:22:40.294 [reactor-http-epoll-2] DEBUG reactor.netty.resources.DefaultPooledConnectionProvider - [e4e01417-6, L:/127.0.0.1:38198 - R:localhost/127.0.0.1:49175] onStateChange(GET{uri=/api/auth/refresh?refreshToken=eyJ0eXAiOiJKV1QiLCJhbGciOiJIUzUxMiJ9.eyJzdWIiOiI3ZGZiM2UzMi1jNzg3LTQyMDItYWYxMy01OGUxMmZjMTQzYmMiLCJpc3MiOiJBZ2lsZSBJZGVudGl0eSBTZXJ2aWNlIiwiZXhwIjoxNjY0ODIxNzgwLCJpYXQiOjE2NjQ4MjEzNjAsImp0aSI6IjQxZTBjOGY3LWI5MDktNGVjYy1hZjA1LTU0MzFlMTVlNmUyMiJ9.LmPKD4i5bQI1-h90MW4RCB2zsFK5lrTYan0sD3B7BXNVcvck2HHxyZrdCigfIJ2M9wPRwZEyc5WJkGxsnKPngg, connection=PooledConnection{channel=[id: 0xe4e01417, L:/127.0.0.1:38198 - R:localhost/127.0.0.1:49175]}}, [response_received])
01:22:40.294 [reactor-http-epoll-2] DEBUG org.springframework.web.reactive.function.client.ExchangeFunctions - [4997552e] [e4e01417-6, L:/127.0.0.1:38198 - R:localhost/127.0.0.1:49175] Response 200 OK
01:22:40.294 [reactor-http-epoll-2] DEBUG reactor.netty.http.client.HttpClientOperations - [e4e01417-6, L:/127.0.0.1:38198 - R:localhost/127.0.0.1:49175] Received last HTTP packet
01:22:40.294 [reactor-http-epoll-2] DEBUG reactor.netty.resources.DefaultPooledConnectionProvider - [e4e01417, L:/127.0.0.1:38198 - R:localhost/127.0.0.1:49175] onStateChange(GET{uri=/api/auth/refresh?refreshToken=eyJ0eXAiOiJKV1QiLCJhbGciOiJIUzUxMiJ9.eyJzdWIiOiI3ZGZiM2UzMi1jNzg3LTQyMDItYWYxMy01OGUxMmZjMTQzYmMiLCJpc3MiOiJBZ2lsZSBJZGVudGl0eSBTZXJ2aWNlIiwiZXhwIjoxNjY0ODIxNzgwLCJpYXQiOjE2NjQ4MjEzNjAsImp0aSI6IjQxZTBjOGY3LWI5MDktNGVjYy1hZjA1LTU0MzFlMTVlNmUyMiJ9.LmPKD4i5bQI1-h90MW4RCB2zsFK5lrTYan0sD3B7BXNVcvck2HHxyZrdCigfIJ2M9wPRwZEyc5WJkGxsnKPngg, connection=PooledConnection{channel=[id: 0xe4e01417, L:/127.0.0.1:38198 - R:localhost/127.0.0.1:49175]}}, [response_completed])
01:22:40.294 [reactor-http-epoll-2] DEBUG reactor.netty.resources.DefaultPooledConnectionProvider - [e4e01417, L:/127.0.0.1:38198 - R:localhost/127.0.0.1:49175] onStateChange(GET{uri=/api/auth/refresh?refreshToken=eyJ0eXAiOiJKV1QiLCJhbGciOiJIUzUxMiJ9.eyJzdWIiOiI3ZGZiM2UzMi1jNzg3LTQyMDItYWYxMy01OGUxMmZjMTQzYmMiLCJpc3MiOiJBZ2lsZSBJZGVudGl0eSBTZXJ2aWNlIiwiZXhwIjoxNjY0ODIxNzgwLCJpYXQiOjE2NjQ4MjEzNjAsImp0aSI6IjQxZTBjOGY3LWI5MDktNGVjYy1hZjA1LTU0MzFlMTVlNmUyMiJ9.LmPKD4i5bQI1-h90MW4RCB2zsFK5lrTYan0sD3B7BXNVcvck2HHxyZrdCigfIJ2M9wPRwZEyc5WJkGxsnKPngg, connection=PooledConnection{channel=[id: 0xe4e01417, L:/127.0.0.1:38198 - R:localhost/127.0.0.1:49175]}}, [disconnecting])
01:22:40.294 [reactor-http-epoll-2] DEBUG reactor.netty.resources.DefaultPooledConnectionProvider - [e4e01417, L:/127.0.0.1:38198 - R:localhost/127.0.0.1:49175] Releasing channel
01:22:40.294 [reactor-http-epoll-2] DEBUG reactor.netty.resources.PooledConnectionProvider - [e4e01417, L:/127.0.0.1:38198 - R:localhost/127.0.0.1:49175] Channel cleaned, now: 0 active connections, 1 inactive connections and 0 pending acquire requests.
01:22:40.297 [reactor-http-epoll-2] DEBUG reactor.netty.channel.FluxReceive - [e4e01417, L:/127.0.0.1:38198 - R:localhost/127.0.0.1:49175] FluxReceive{pending=0, cancelled=false, inboundDone=true, inboundError=null}: subscribing inbound receiver
]]></system-out>
  </testcase>
  <testcase name="whenRefreshAgain_thenExpectSessionNotFoundError" classname="com.trello.clone.integration.AlmendeServiceIT$NestedRefreshSessionST" time="0.04">
    <failure message="Status expected:&lt;401 UNAUTHORIZED&gt; but was:&lt;404 NOT_FOUND&gt;" type="java.lang.AssertionError"><![CDATA[java.lang.AssertionError: Status expected:<401 UNAUTHORIZED> but was:<404 NOT_FOUND>
]]></failure>
    <system-out><![CDATA[01:22:40.335 [main] DEBUG org.springframework.web.reactive.function.client.ExchangeFunctions - [60ed12e8] HTTP GET http://localhost:49175/api/authenticate/v1/refresh?refreshToken=eyJ0eXAiOiJKV1QiLCJhbGciOiJIUzUxMiJ9.eyJzdWIiOiI3ZGZiM2UzMi1jNzg3LTQyMDItYWYxMy01OGUxMmZjMTQzYmMiLCJpc3MiOiJBZ2lsZSBJZGVudGl0eSBTZXJ2aWNlIiwiZXhwIjoxNjY0ODIxNzgwLCJpYXQiOjE2NjQ4MjEzNjAsImp0aSI6IjQxZTBjOGY3LWI5MDktNGVjYy1hZjA1LTU0MzFlMTVlNmUyMiJ9.LmPKD4i5bQI1-h90MW4RCB2zsFK5lrTYan0sD3B7BXNVcvck2HHxyZrdCigfIJ2M9wPRwZEyc5WJkGxsnKPngg
01:22:40.335 [reactor-http-epoll-2] DEBUG reactor.netty.resources.PooledConnectionProvider - [e4e01417, L:/127.0.0.1:38198 - R:localhost/127.0.0.1:49175] Channel acquired, now: 1 active connections, 0 inactive connections and 0 pending acquire requests.
01:22:40.336 [reactor-http-epoll-2] DEBUG reactor.netty.http.client.HttpClientConnect - [e4e01417-7, L:/127.0.0.1:38198 - R:localhost/127.0.0.1:49175] Handler is being applied: {uri=http://localhost:49175/api/authenticate/v1/refresh?refreshToken=eyJ0eXAiOiJKV1QiLCJhbGciOiJIUzUxMiJ9.eyJzdWIiOiI3ZGZiM2UzMi1jNzg3LTQyMDItYWYxMy01OGUxMmZjMTQzYmMiLCJpc3MiOiJBZ2lsZSBJZGVudGl0eSBTZXJ2aWNlIiwiZXhwIjoxNjY0ODIxNzgwLCJpYXQiOjE2NjQ4MjEzNjAsImp0aSI6IjQxZTBjOGY3LWI5MDktNGVjYy1hZjA1LTU0MzFlMTVlNmUyMiJ9.LmPKD4i5bQI1-h90MW4RCB2zsFK5lrTYan0sD3B7BXNVcvck2HHxyZrdCigfIJ2M9wPRwZEyc5WJkGxsnKPngg, method=GET}
01:22:40.336 [reactor-http-epoll-2] DEBUG reactor.netty.resources.DefaultPooledConnectionProvider - [e4e01417-7, L:/127.0.0.1:38198 - R:localhost/127.0.0.1:49175] onStateChange(GET{uri=/api/authenticate/v1/refresh?refreshToken=eyJ0eXAiOiJKV1QiLCJhbGciOiJIUzUxMiJ9.eyJzdWIiOiI3ZGZiM2UzMi1jNzg3LTQyMDItYWYxMy01OGUxMmZjMTQzYmMiLCJpc3MiOiJBZ2lsZSBJZGVudGl0eSBTZXJ2aWNlIiwiZXhwIjoxNjY0ODIxNzgwLCJpYXQiOjE2NjQ4MjEzNjAsImp0aSI6IjQxZTBjOGY3LWI5MDktNGVjYy1hZjA1LTU0MzFlMTVlNmUyMiJ9.LmPKD4i5bQI1-h90MW4RCB2zsFK5lrTYan0sD3B7BXNVcvck2HHxyZrdCigfIJ2M9wPRwZEyc5WJkGxsnKPngg, connection=PooledConnection{channel=[id: 0xe4e01417, L:/127.0.0.1:38198 - R:localhost/127.0.0.1:49175]}}, [request_prepared])
01:22:40.337 [reactor-http-epoll-2] DEBUG reactor.netty.resources.DefaultPooledConnectionProvider - [e4e01417-7, L:/127.0.0.1:38198 - R:localhost/127.0.0.1:49175] onStateChange(GET{uri=/api/authenticate/v1/refresh?refreshToken=eyJ0eXAiOiJKV1QiLCJhbGciOiJIUzUxMiJ9.eyJzdWIiOiI3ZGZiM2UzMi1jNzg3LTQyMDItYWYxMy01OGUxMmZjMTQzYmMiLCJpc3MiOiJBZ2lsZSBJZGVudGl0eSBTZXJ2aWNlIiwiZXhwIjoxNjY0ODIxNzgwLCJpYXQiOjE2NjQ4MjEzNjAsImp0aSI6IjQxZTBjOGY3LWI5MDktNGVjYy1hZjA1LTU0MzFlMTVlNmUyMiJ9.LmPKD4i5bQI1-h90MW4RCB2zsFK5lrTYan0sD3B7BXNVcvck2HHxyZrdCigfIJ2M9wPRwZEyc5WJkGxsnKPngg, connection=PooledConnection{channel=[id: 0xe4e01417, L:/127.0.0.1:38198 - R:localhost/127.0.0.1:49175]}}, [request_sent])
01:22:40.364 [reactor-http-epoll-2] DEBUG reactor.netty.http.client.HttpClientOperations - [e4e01417-7, L:/127.0.0.1:38198 - R:localhost/127.0.0.1:49175] Received response (auto-read:false) : [Content-Type=application/json, Cache-Control=no-cache, no-store, max-age=0, must-revalidate, Pragma=no-cache, Expires=0, X-Content-Type-Options=nosniff, X-Frame-Options=DENY, X-XSS-Protection=1 ; mode=block, Referrer-Policy=no-referrer, content-length=123]
01:22:40.364 [reactor-http-epoll-2] DEBUG reactor.netty.resources.DefaultPooledConnectionProvider - [e4e01417-7, L:/127.0.0.1:38198 - R:localhost/127.0.0.1:49175] onStateChange(GET{uri=/api/authenticate/v1/refresh?refreshToken=eyJ0eXAiOiJKV1QiLCJhbGciOiJIUzUxMiJ9.eyJzdWIiOiI3ZGZiM2UzMi1jNzg3LTQyMDItYWYxMy01OGUxMmZjMTQzYmMiLCJpc3MiOiJBZ2lsZSBJZGVudGl0eSBTZXJ2aWNlIiwiZXhwIjoxNjY0ODIxNzgwLCJpYXQiOjE2NjQ4MjEzNjAsImp0aSI6IjQxZTBjOGY3LWI5MDktNGVjYy1hZjA1LTU0MzFlMTVlNmUyMiJ9.LmPKD4i5bQI1-h90MW4RCB2zsFK5lrTYan0sD3B7BXNVcvck2HHxyZrdCigfIJ2M9wPRwZEyc5WJkGxsnKPngg, connection=PooledConnection{channel=[id: 0xe4e01417, L:/127.0.0.1:38198 - R:localhost/127.0.0.1:49175]}}, [response_received])
01:22:40.364 [reactor-http-epoll-2] DEBUG org.springframework.web.reactive.function.client.ExchangeFunctions - [60ed12e8] [e4e01417-7, L:/127.0.0.1:38198 - R:localhost/127.0.0.1:49175] Response 404 NOT_FOUND
01:22:40.364 [reactor-http-epoll-2] DEBUG reactor.netty.http.client.HttpClientOperations - [e4e01417-7, L:/127.0.0.1:38198 - R:localhost/127.0.0.1:49175] Received last HTTP packet
01:22:40.364 [reactor-http-epoll-2] DEBUG reactor.netty.resources.DefaultPooledConnectionProvider - [e4e01417, L:/127.0.0.1:38198 - R:localhost/127.0.0.1:49175] onStateChange(GET{uri=/api/authenticate/v1/refresh?refreshToken=eyJ0eXAiOiJKV1QiLCJhbGciOiJIUzUxMiJ9.eyJzdWIiOiI3ZGZiM2UzMi1jNzg3LTQyMDItYWYxMy01OGUxMmZjMTQzYmMiLCJpc3MiOiJBZ2lsZSBJZGVudGl0eSBTZXJ2aWNlIiwiZXhwIjoxNjY0ODIxNzgwLCJpYXQiOjE2NjQ4MjEzNjAsImp0aSI6IjQxZTBjOGY3LWI5MDktNGVjYy1hZjA1LTU0MzFlMTVlNmUyMiJ9.LmPKD4i5bQI1-h90MW4RCB2zsFK5lrTYan0sD3B7BXNVcvck2HHxyZrdCigfIJ2M9wPRwZEyc5WJkGxsnKPngg, connection=PooledConnection{channel=[id: 0xe4e01417, L:/127.0.0.1:38198 - R:localhost/127.0.0.1:49175]}}, [response_completed])
01:22:40.364 [reactor-http-epoll-2] DEBUG reactor.netty.resources.DefaultPooledConnectionProvider - [e4e01417, L:/127.0.0.1:38198 - R:localhost/127.0.0.1:49175] onStateChange(GET{uri=/api/authenticate/v1/refresh?refreshToken=eyJ0eXAiOiJKV1QiLCJhbGciOiJIUzUxMiJ9.eyJzdWIiOiI3ZGZiM2UzMi1jNzg3LTQyMDItYWYxMy01OGUxMmZjMTQzYmMiLCJpc3MiOiJBZ2lsZSBJZGVudGl0eSBTZXJ2aWNlIiwiZXhwIjoxNjY0ODIxNzgwLCJpYXQiOjE2NjQ4MjEzNjAsImp0aSI6IjQxZTBjOGY3LWI5MDktNGVjYy1hZjA1LTU0MzFlMTVlNmUyMiJ9.LmPKD4i5bQI1-h90MW4RCB2zsFK5lrTYan0sD3B7BXNVcvck2HHxyZrdCigfIJ2M9wPRwZEyc5WJkGxsnKPngg, connection=PooledConnection{channel=[id: 0xe4e01417, L:/127.0.0.1:38198 - R:localhost/127.0.0.1:49175]}}, [disconnecting])
01:22:40.364 [reactor-http-epoll-2] DEBUG reactor.netty.resources.DefaultPooledConnectionProvider - [e4e01417, L:/127.0.0.1:38198 - R:localhost/127.0.0.1:49175] Releasing channel
01:22:40.364 [reactor-http-epoll-2] DEBUG reactor.netty.resources.PooledConnectionProvider - [e4e01417, L:/127.0.0.1:38198 - R:localhost/127.0.0.1:49175] Channel cleaned, now: 0 active connections, 1 inactive connections and 0 pending acquire requests.
01:22:40.371 [reactor-http-epoll-2] DEBUG reactor.netty.channel.FluxReceive - [e4e01417, L:/127.0.0.1:38198 - R:localhost/127.0.0.1:49175] FluxReceive{pending=1, cancelled=false, inboundDone=true, inboundError=null}: subscribing inbound receiver
01:22:40.372 [main] ERROR org.springframework.test.web.reactive.server.ExchangeResult - Request details for assertion failure:

> GET http://localhost:49175/api/authenticate/v1/refresh?refreshToken=eyJ0eXAiOiJKV1QiLCJhbGciOiJIUzUxMiJ9.eyJzdWIiOiI3ZGZiM2UzMi1jNzg3LTQyMDItYWYxMy01OGUxMmZjMTQzYmMiLCJpc3MiOiJBZ2lsZSBJZGVudGl0eSBTZXJ2aWNlIiwiZXhwIjoxNjY0ODIxNzgwLCJpYXQiOjE2NjQ4MjEzNjAsImp0aSI6IjQxZTBjOGY3LWI5MDktNGVjYy1hZjA1LTU0MzFlMTVlNmUyMiJ9.LmPKD4i5bQI1-h90MW4RCB2zsFK5lrTYan0sD3B7BXNVcvck2HHxyZrdCigfIJ2M9wPRwZEyc5WJkGxsnKPngg
> accept-encoding: [gzip]
> user-agent: [ReactorNetty/1.0.20]
> host: [localhost:49175]
> Content-Type: [application/json]
> Accept: [application/json]
> WebTestClient-Request-Id: [3]

No content

< 404 NOT_FOUND Not Found
< Content-Type: [application/json]
< Cache-Control: [no-cache, no-store, max-age=0, must-revalidate]
< Pragma: [no-cache]
< Expires: [0]
< X-Content-Type-Options: [nosniff]
< X-Frame-Options: [DENY]
< X-XSS-Protection: [1 ; mode=block]
< Referrer-Policy: [no-referrer]
< content-length: [123]

{"timestamp":1664821360353,"path":"/api/authenticate/v1/refresh","status":404,"error":"Not Found","requestId":"285ab411-7"}

]]></system-out>
  </testcase>
  <testcase name="whenLoginWithInvalidPassword_thenExpectError" classname="com.trello.clone.integration.AlmendeServiceIT$NestedExistingUserST" time="0.06">
    <failure message="Status expected:&lt;400 BAD_REQUEST&gt; but was:&lt;404 NOT_FOUND&gt;" type="java.lang.AssertionError"><![CDATA[java.lang.AssertionError: Status expected:<400 BAD_REQUEST> but was:<404 NOT_FOUND>
]]></failure>
    <system-out><![CDATA[01:22:40.375 [main] DEBUG org.springframework.web.reactive.function.client.ExchangeFunctions - [468173fa] HTTP POST http://localhost:49175/api/auth/login
01:22:40.375 [reactor-http-epoll-2] DEBUG reactor.netty.resources.PooledConnectionProvider - [e4e01417, L:/127.0.0.1:38198 - R:localhost/127.0.0.1:49175] Channel acquired, now: 1 active connections, 0 inactive connections and 0 pending acquire requests.
01:22:40.375 [reactor-http-epoll-2] DEBUG reactor.netty.http.client.HttpClientConnect - [e4e01417-8, L:/127.0.0.1:38198 - R:localhost/127.0.0.1:49175] Handler is being applied: {uri=http://localhost:49175/api/auth/login, method=POST}
01:22:40.375 [reactor-http-epoll-2] DEBUG reactor.netty.resources.DefaultPooledConnectionProvider - [e4e01417-8, L:/127.0.0.1:38198 - R:localhost/127.0.0.1:49175] onStateChange(POST{uri=/api/auth/login, connection=PooledConnection{channel=[id: 0xe4e01417, L:/127.0.0.1:38198 - R:localhost/127.0.0.1:49175]}}, [request_prepared])
01:22:40.376 [reactor-http-epoll-2] DEBUG org.springframework.http.codec.json.Jackson2JsonEncoder - [468173fa] Encoding [LoginPayload[username=, email=juniar@almende.org, password=qwdsfa123]]
01:22:40.377 [reactor-http-epoll-2] DEBUG reactor.netty.resources.DefaultPooledConnectionProvider - [e4e01417-8, L:/127.0.0.1:38198 - R:localhost/127.0.0.1:49175] onStateChange(POST{uri=/api/auth/login, connection=PooledConnection{channel=[id: 0xe4e01417, L:/127.0.0.1:38198 - R:localhost/127.0.0.1:49175]}}, [request_sent])
01:22:40.428 [reactor-http-epoll-2] DEBUG reactor.netty.http.client.HttpClientOperations - [e4e01417-8, L:/127.0.0.1:38198 - R:localhost/127.0.0.1:49175] Received response (auto-read:false) : [Vary=Origin, Vary=Access-Control-Request-Method, Vary=Access-Control-Request-Headers, Content-Type=application/json, Cache-Control=no-cache, no-store, max-age=0, must-revalidate, Pragma=no-cache, Expires=0, X-Content-Type-Options=nosniff, X-Frame-Options=DENY, X-XSS-Protection=1 ; mode=block, Referrer-Policy=no-referrer, content-length=162]
01:22:40.428 [reactor-http-epoll-2] DEBUG reactor.netty.resources.DefaultPooledConnectionProvider - [e4e01417-8, L:/127.0.0.1:38198 - R:localhost/127.0.0.1:49175] onStateChange(POST{uri=/api/auth/login, connection=PooledConnection{channel=[id: 0xe4e01417, L:/127.0.0.1:38198 - R:localhost/127.0.0.1:49175]}}, [response_received])
01:22:40.429 [reactor-http-epoll-2] DEBUG org.springframework.web.reactive.function.client.ExchangeFunctions - [468173fa] [e4e01417-8, L:/127.0.0.1:38198 - R:localhost/127.0.0.1:49175] Response 404 NOT_FOUND
01:22:40.429 [reactor-http-epoll-2] DEBUG reactor.netty.http.client.HttpClientOperations - [e4e01417-8, L:/127.0.0.1:38198 - R:localhost/127.0.0.1:49175] Received last HTTP packet
01:22:40.429 [reactor-http-epoll-2] DEBUG reactor.netty.resources.DefaultPooledConnectionProvider - [e4e01417, L:/127.0.0.1:38198 - R:localhost/127.0.0.1:49175] onStateChange(POST{uri=/api/auth/login, connection=PooledConnection{channel=[id: 0xe4e01417, L:/127.0.0.1:38198 - R:localhost/127.0.0.1:49175]}}, [response_completed])
01:22:40.429 [reactor-http-epoll-2] DEBUG reactor.netty.resources.DefaultPooledConnectionProvider - [e4e01417, L:/127.0.0.1:38198 - R:localhost/127.0.0.1:49175] onStateChange(POST{uri=/api/auth/login, connection=PooledConnection{channel=[id: 0xe4e01417, L:/127.0.0.1:38198 - R:localhost/127.0.0.1:49175]}}, [disconnecting])
01:22:40.429 [reactor-http-epoll-2] DEBUG reactor.netty.resources.DefaultPooledConnectionProvider - [e4e01417, L:/127.0.0.1:38198 - R:localhost/127.0.0.1:49175] Releasing channel
01:22:40.429 [reactor-http-epoll-2] DEBUG reactor.netty.resources.PooledConnectionProvider - [e4e01417, L:/127.0.0.1:38198 - R:localhost/127.0.0.1:49175] Channel cleaned, now: 0 active connections, 1 inactive connections and 0 pending acquire requests.
01:22:40.429 [reactor-http-epoll-2] DEBUG reactor.netty.channel.FluxReceive - [e4e01417, L:/127.0.0.1:38198 - R:localhost/127.0.0.1:49175] FluxReceive{pending=1, cancelled=false, inboundDone=true, inboundError=null}: subscribing inbound receiver
01:22:40.430 [main] ERROR org.springframework.test.web.reactive.server.ExchangeResult - Request details for assertion failure:

> POST http://localhost:49175/api/auth/login
> accept-encoding: [gzip]
> user-agent: [ReactorNetty/1.0.20]
> host: [localhost:49175]
> Content-Type: [application/json]
> Accept: [application/json]
> WebTestClient-Request-Id: [1]
> Content-Length: [67]

{"username":"","email":"juniar@almende.org","password":"qwdsfa123"}

< 404 NOT_FOUND Not Found
< Vary: [Origin, Access-Control-Request-Method, Access-Control-Request-Headers]
< Content-Type: [application/json]
< Cache-Control: [no-cache, no-store, max-age=0, must-revalidate]
< Pragma: [no-cache]
< Expires: [0]
< X-Content-Type-Options: [nosniff]
< X-Frame-Options: [DENY]
< X-XSS-Protection: [1 ; mode=block]
< Referrer-Policy: [no-referrer]
< content-length: [162]

{"status":404,"message":"com.trello.clone.identity.password.invalid","path":"/api/auth/login","timestamp":1664821360426,"stackTrace":null,"validationErrors":null}

]]></system-out>
  </testcase>
  <testcase name="whenLoginWithValidUsernamePassword_thenExpectNewTokenPair" classname="com.trello.clone.integration.AlmendeServiceIT$NestedExistingUserST" time="0.061">
    <failure message="Status expected:&lt;200 OK&gt; but was:&lt;409 CONFLICT&gt;" type="java.lang.AssertionError"><![CDATA[java.lang.AssertionError: Status expected:<200 OK> but was:<409 CONFLICT>
]]></failure>
    <system-out><![CDATA[01:22:40.433 [main] DEBUG org.springframework.web.reactive.function.client.ExchangeFunctions - [3a401749] HTTP POST http://localhost:49175/api/auth/login
01:22:40.434 [reactor-http-epoll-2] DEBUG reactor.netty.resources.PooledConnectionProvider - [e4e01417, L:/127.0.0.1:38198 - R:localhost/127.0.0.1:49175] Channel acquired, now: 1 active connections, 0 inactive connections and 0 pending acquire requests.
01:22:40.434 [reactor-http-epoll-2] DEBUG reactor.netty.http.client.HttpClientConnect - [e4e01417-9, L:/127.0.0.1:38198 - R:localhost/127.0.0.1:49175] Handler is being applied: {uri=http://localhost:49175/api/auth/login, method=POST}
01:22:40.434 [reactor-http-epoll-2] DEBUG reactor.netty.resources.DefaultPooledConnectionProvider - [e4e01417-9, L:/127.0.0.1:38198 - R:localhost/127.0.0.1:49175] onStateChange(POST{uri=/api/auth/login, connection=PooledConnection{channel=[id: 0xe4e01417, L:/127.0.0.1:38198 - R:localhost/127.0.0.1:49175]}}, [request_prepared])
01:22:40.436 [reactor-http-epoll-2] DEBUG org.springframework.http.codec.json.Jackson2JsonEncoder - [3a401749] Encoding [LoginPayload[username=, email=juniar@almende.org, password=qwerty123]]
01:22:40.438 [reactor-http-epoll-2] DEBUG reactor.netty.resources.DefaultPooledConnectionProvider - [e4e01417-9, L:/127.0.0.1:38198 - R:localhost/127.0.0.1:49175] onStateChange(POST{uri=/api/auth/login, connection=PooledConnection{channel=[id: 0xe4e01417, L:/127.0.0.1:38198 - R:localhost/127.0.0.1:49175]}}, [request_sent])
01:22:40.489 [reactor-http-epoll-2] DEBUG reactor.netty.http.client.HttpClientOperations - [e4e01417-9, L:/127.0.0.1:38198 - R:localhost/127.0.0.1:49175] Received response (auto-read:false) : [Vary=Origin, Vary=Access-Control-Request-Method, Vary=Access-Control-Request-Headers, Content-Type=application/json, Cache-Control=no-cache, no-store, max-age=0, must-revalidate, Pragma=no-cache, Expires=0, X-Content-Type-Options=nosniff, X-Frame-Options=DENY, X-XSS-Protection=1 ; mode=block, Referrer-Policy=no-referrer, content-length=160]
01:22:40.489 [reactor-http-epoll-2] DEBUG reactor.netty.resources.DefaultPooledConnectionProvider - [e4e01417-9, L:/127.0.0.1:38198 - R:localhost/127.0.0.1:49175] onStateChange(POST{uri=/api/auth/login, connection=PooledConnection{channel=[id: 0xe4e01417, L:/127.0.0.1:38198 - R:localhost/127.0.0.1:49175]}}, [response_received])
01:22:40.489 [reactor-http-epoll-2] DEBUG org.springframework.web.reactive.function.client.ExchangeFunctions - [3a401749] [e4e01417-9, L:/127.0.0.1:38198 - R:localhost/127.0.0.1:49175] Response 409 CONFLICT
01:22:40.489 [reactor-http-epoll-2] DEBUG reactor.netty.http.client.HttpClientOperations - [e4e01417-9, L:/127.0.0.1:38198 - R:localhost/127.0.0.1:49175] Received last HTTP packet
01:22:40.489 [reactor-http-epoll-2] DEBUG reactor.netty.resources.DefaultPooledConnectionProvider - [e4e01417, L:/127.0.0.1:38198 - R:localhost/127.0.0.1:49175] onStateChange(POST{uri=/api/auth/login, connection=PooledConnection{channel=[id: 0xe4e01417, L:/127.0.0.1:38198 - R:localhost/127.0.0.1:49175]}}, [response_completed])
01:22:40.489 [reactor-http-epoll-2] DEBUG reactor.netty.resources.DefaultPooledConnectionProvider - [e4e01417, L:/127.0.0.1:38198 - R:localhost/127.0.0.1:49175] onStateChange(POST{uri=/api/auth/login, connection=PooledConnection{channel=[id: 0xe4e01417, L:/127.0.0.1:38198 - R:localhost/127.0.0.1:49175]}}, [disconnecting])
01:22:40.489 [reactor-http-epoll-2] DEBUG reactor.netty.resources.DefaultPooledConnectionProvider - [e4e01417, L:/127.0.0.1:38198 - R:localhost/127.0.0.1:49175] Releasing channel
01:22:40.489 [reactor-http-epoll-2] DEBUG reactor.netty.resources.PooledConnectionProvider - [e4e01417, L:/127.0.0.1:38198 - R:localhost/127.0.0.1:49175] Channel cleaned, now: 0 active connections, 1 inactive connections and 0 pending acquire requests.
01:22:40.490 [reactor-http-epoll-2] DEBUG reactor.netty.channel.FluxReceive - [e4e01417, L:/127.0.0.1:38198 - R:localhost/127.0.0.1:49175] FluxReceive{pending=1, cancelled=false, inboundDone=true, inboundError=null}: subscribing inbound receiver
01:22:40.490 [main] ERROR org.springframework.test.web.reactive.server.ExchangeResult - Request details for assertion failure:

> POST http://localhost:49175/api/auth/login
> accept-encoding: [gzip]
> user-agent: [ReactorNetty/1.0.20]
> host: [localhost:49175]
> Content-Type: [application/json]
> Accept: [application/json]
> WebTestClient-Request-Id: [2]
> Content-Length: [67]

{"username":"","email":"juniar@almende.org","password":"qwerty123"}

< 409 CONFLICT Conflict
< Vary: [Origin, Access-Control-Request-Method, Access-Control-Request-Headers]
< Content-Type: [application/json]
< Cache-Control: [no-cache, no-store, max-age=0, must-revalidate]
< Pragma: [no-cache]
< Expires: [0]
< X-Content-Type-Options: [nosniff]
< X-Frame-Options: [DENY]
< X-XSS-Protection: [1 ; mode=block]
< Referrer-Policy: [no-referrer]
< content-length: [160]

{"status":409,"message":"com.trello.clone.identity.session.exists","path":"/api/auth/login","timestamp":1664821360487,"stackTrace":null,"validationErrors":null}

]]></system-out>
  </testcase>
  <testcase name="whenFetchingExistingBoard_thenExpectCorrectResult" classname="com.trello.clone.integration.AlmendeServiceIT$NestedBoardCreationST" time="0.013"/>
  <testcase name="whenCreatingNewBoardWithValidPayload_thenExpectOkStatus" classname="com.trello.clone.integration.AlmendeServiceIT$NestedBoardCreationST" time="0.018">
    <failure message="Status expected:&lt;200 OK&gt; but was:&lt;404 NOT_FOUND&gt;" type="java.lang.AssertionError"><![CDATA[java.lang.AssertionError: Status expected:<200 OK> but was:<404 NOT_FOUND>
]]></failure>
    <system-out><![CDATA[01:22:40.510 [main] DEBUG org.springframework.web.reactive.function.client.ExchangeFunctions - [7f323b3a] HTTP POST http://localhost:49175/api/board
01:22:40.511 [reactor-http-epoll-2] DEBUG reactor.netty.resources.PooledConnectionProvider - [e4e01417, L:/127.0.0.1:38198 - R:localhost/127.0.0.1:49175] Channel acquired, now: 1 active connections, 0 inactive connections and 0 pending acquire requests.
01:22:40.511 [reactor-http-epoll-2] DEBUG reactor.netty.http.client.HttpClientConnect - [e4e01417-11, L:/127.0.0.1:38198 - R:localhost/127.0.0.1:49175] Handler is being applied: {uri=http://localhost:49175/api/board, method=POST}
01:22:40.511 [reactor-http-epoll-2] DEBUG reactor.netty.resources.DefaultPooledConnectionProvider - [e4e01417-11, L:/127.0.0.1:38198 - R:localhost/127.0.0.1:49175] onStateChange(POST{uri=/api/board, connection=PooledConnection{channel=[id: 0xe4e01417, L:/127.0.0.1:38198 - R:localhost/127.0.0.1:49175]}}, [request_prepared])
01:22:40.513 [reactor-http-epoll-2] DEBUG org.springframework.http.codec.json.Jackson2JsonEncoder - [7f323b3a] Encoding [NewBoardPayload[boardName=foo]]
01:22:40.514 [reactor-http-epoll-2] DEBUG reactor.netty.resources.DefaultPooledConnectionProvider - [e4e01417-11, L:/127.0.0.1:38198 - R:localhost/127.0.0.1:49175] onStateChange(POST{uri=/api/board, connection=PooledConnection{channel=[id: 0xe4e01417, L:/127.0.0.1:38198 - R:localhost/127.0.0.1:49175]}}, [request_sent])
01:22:40.523 [reactor-http-epoll-2] DEBUG reactor.netty.http.client.HttpClientOperations - [e4e01417-11, L:/127.0.0.1:38198 - R:localhost/127.0.0.1:49175] Received response (auto-read:false) : [Content-Type=application/json, Cache-Control=no-cache, no-store, max-age=0, must-revalidate, Pragma=no-cache, Expires=0, X-Content-Type-Options=nosniff, X-Frame-Options=DENY, X-XSS-Protection=1 ; mode=block, Referrer-Policy=no-referrer, content-length=106]
01:22:40.523 [reactor-http-epoll-2] DEBUG reactor.netty.resources.DefaultPooledConnectionProvider - [e4e01417-11, L:/127.0.0.1:38198 - R:localhost/127.0.0.1:49175] onStateChange(POST{uri=/api/board, connection=PooledConnection{channel=[id: 0xe4e01417, L:/127.0.0.1:38198 - R:localhost/127.0.0.1:49175]}}, [response_received])
01:22:40.523 [reactor-http-epoll-2] DEBUG org.springframework.web.reactive.function.client.ExchangeFunctions - [7f323b3a] [e4e01417-11, L:/127.0.0.1:38198 - R:localhost/127.0.0.1:49175] Response 404 NOT_FOUND
01:22:40.523 [reactor-http-epoll-2] DEBUG reactor.netty.http.client.HttpClientOperations - [e4e01417-11, L:/127.0.0.1:38198 - R:localhost/127.0.0.1:49175] Received last HTTP packet
01:22:40.523 [reactor-http-epoll-2] DEBUG reactor.netty.resources.DefaultPooledConnectionProvider - [e4e01417, L:/127.0.0.1:38198 - R:localhost/127.0.0.1:49175] onStateChange(POST{uri=/api/board, connection=PooledConnection{channel=[id: 0xe4e01417, L:/127.0.0.1:38198 - R:localhost/127.0.0.1:49175]}}, [response_completed])
01:22:40.523 [reactor-http-epoll-2] DEBUG reactor.netty.resources.DefaultPooledConnectionProvider - [e4e01417, L:/127.0.0.1:38198 - R:localhost/127.0.0.1:49175] onStateChange(POST{uri=/api/board, connection=PooledConnection{channel=[id: 0xe4e01417, L:/127.0.0.1:38198 - R:localhost/127.0.0.1:49175]}}, [disconnecting])
01:22:40.523 [reactor-http-epoll-2] DEBUG reactor.netty.resources.DefaultPooledConnectionProvider - [e4e01417, L:/127.0.0.1:38198 - R:localhost/127.0.0.1:49175] Releasing channel
01:22:40.523 [reactor-http-epoll-2] DEBUG reactor.netty.resources.PooledConnectionProvider - [e4e01417, L:/127.0.0.1:38198 - R:localhost/127.0.0.1:49175] Channel cleaned, now: 0 active connections, 1 inactive connections and 0 pending acquire requests.
01:22:40.524 [reactor-http-epoll-2] DEBUG reactor.netty.channel.FluxReceive - [e4e01417, L:/127.0.0.1:38198 - R:localhost/127.0.0.1:49175] FluxReceive{pending=1, cancelled=false, inboundDone=true, inboundError=null}: subscribing inbound receiver
01:22:40.524 [main] ERROR org.springframework.test.web.reactive.server.ExchangeResult - Request details for assertion failure:

> POST http://localhost:49175/api/board
> accept-encoding: [gzip]
> user-agent: [ReactorNetty/1.0.20]
> host: [localhost:49175]
> Content-Type: [application/json]
> Accept: [application/json]
> WebTestClient-Request-Id: [2]
> Authorization: [Bearer eyJ0eXAiOiJKV1QiLCJhbGciOiJIUzUxMiJ9.eyJzdWIiOiI3ZGZiM2UzMi1jNzg3LTQyMDItYWYxMy01OGUxMmZjMTQzYmMiLCJpc3MiOiJBZ2lsZSBJZGVudGl0eSBTZXJ2aWNlIiwiZXhwIjoxNjY0ODIzMTYwLCJpYXQiOjE2NjQ4MjEzNjAsImp0aSI6IjQxZTBjOGY3LWI5MDktNGVjYy1hZjA1LTU0MzFlMTVlNmUyMiJ9.oPwtMxztW6VidEzkDmr8rsYhwB5bp3sJK-LOtli5fqcedc8DnkFQZXbyLilBk1GbXsdfZuLIPC-fktwHm2QXXg]
> Content-Length: [19]

{"boardName":"foo"}

< 404 NOT_FOUND Not Found
< Content-Type: [application/json]
< Cache-Control: [no-cache, no-store, max-age=0, must-revalidate]
< Pragma: [no-cache]
< Expires: [0]
< X-Content-Type-Options: [nosniff]
< X-Frame-Options: [DENY]
< X-XSS-Protection: [1 ; mode=block]
< Referrer-Policy: [no-referrer]
< content-length: [106]

{"timestamp":1664821360519,"path":"/api/board","status":404,"error":"Not Found","requestId":"285ab411-11"}

]]></system-out>
  </testcase>
  <testcase name="whenCreatingNewColumnWithValidPayload_thenExpectOkStatus" classname="com.trello.clone.integration.AlmendeServiceIT$NestedColumnCreateST" time="0.051">
    <failure message="Status expected:&lt;200 OK&gt; but was:&lt;404 NOT_FOUND&gt;" type="java.lang.AssertionError"><![CDATA[java.lang.AssertionError: Status expected:<200 OK> but was:<404 NOT_FOUND>
]]></failure>
    <system-out><![CDATA[01:22:40.528 [main] DEBUG org.springframework.web.reactive.function.client.ExchangeFunctions - [2c829dbc] HTTP POST http://localhost:49175/api/column
01:22:40.528 [reactor-http-epoll-2] DEBUG reactor.netty.resources.PooledConnectionProvider - [e4e01417, L:/127.0.0.1:38198 - R:localhost/127.0.0.1:49175] Channel acquired, now: 1 active connections, 0 inactive connections and 0 pending acquire requests.
01:22:40.529 [reactor-http-epoll-2] DEBUG reactor.netty.http.client.HttpClientConnect - [e4e01417-12, L:/127.0.0.1:38198 - R:localhost/127.0.0.1:49175] Handler is being applied: {uri=http://localhost:49175/api/column, method=POST}
01:22:40.529 [reactor-http-epoll-2] DEBUG reactor.netty.resources.DefaultPooledConnectionProvider - [e4e01417-12, L:/127.0.0.1:38198 - R:localhost/127.0.0.1:49175] onStateChange(POST{uri=/api/column, connection=PooledConnection{channel=[id: 0xe4e01417, L:/127.0.0.1:38198 - R:localhost/127.0.0.1:49175]}}, [request_prepared])
01:22:40.530 [reactor-http-epoll-2] DEBUG org.springframework.http.codec.json.Jackson2JsonEncoder - [2c829dbc] Encoding [NewColumnPayload[boardName=foo, columnName=bar]]
01:22:40.532 [reactor-http-epoll-2] DEBUG reactor.netty.resources.DefaultPooledConnectionProvider - [e4e01417-12, L:/127.0.0.1:38198 - R:localhost/127.0.0.1:49175] onStateChange(POST{uri=/api/column, connection=PooledConnection{channel=[id: 0xe4e01417, L:/127.0.0.1:38198 - R:localhost/127.0.0.1:49175]}}, [request_sent])
01:22:40.571 [reactor-http-epoll-2] DEBUG reactor.netty.http.client.HttpClientOperations - [e4e01417-12, L:/127.0.0.1:38198 - R:localhost/127.0.0.1:49175] Received response (auto-read:false) : [Content-Type=application/json, Cache-Control=no-cache, no-store, max-age=0, must-revalidate, Pragma=no-cache, Expires=0, X-Content-Type-Options=nosniff, X-Frame-Options=DENY, X-XSS-Protection=1 ; mode=block, Referrer-Policy=no-referrer, content-length=107]
01:22:40.571 [reactor-http-epoll-2] DEBUG reactor.netty.resources.DefaultPooledConnectionProvider - [e4e01417-12, L:/127.0.0.1:38198 - R:localhost/127.0.0.1:49175] onStateChange(POST{uri=/api/column, connection=PooledConnection{channel=[id: 0xe4e01417, L:/127.0.0.1:38198 - R:localhost/127.0.0.1:49175]}}, [response_received])
01:22:40.571 [reactor-http-epoll-2] DEBUG org.springframework.web.reactive.function.client.ExchangeFunctions - [2c829dbc] [e4e01417-12, L:/127.0.0.1:38198 - R:localhost/127.0.0.1:49175] Response 404 NOT_FOUND
01:22:40.571 [reactor-http-epoll-2] DEBUG reactor.netty.http.client.HttpClientOperations - [e4e01417-12, L:/127.0.0.1:38198 - R:localhost/127.0.0.1:49175] Received last HTTP packet
01:22:40.571 [reactor-http-epoll-2] DEBUG reactor.netty.resources.DefaultPooledConnectionProvider - [e4e01417, L:/127.0.0.1:38198 - R:localhost/127.0.0.1:49175] onStateChange(POST{uri=/api/column, connection=PooledConnection{channel=[id: 0xe4e01417, L:/127.0.0.1:38198 - R:localhost/127.0.0.1:49175]}}, [response_completed])
01:22:40.571 [reactor-http-epoll-2] DEBUG reactor.netty.resources.DefaultPooledConnectionProvider - [e4e01417, L:/127.0.0.1:38198 - R:localhost/127.0.0.1:49175] onStateChange(POST{uri=/api/column, connection=PooledConnection{channel=[id: 0xe4e01417, L:/127.0.0.1:38198 - R:localhost/127.0.0.1:49175]}}, [disconnecting])
01:22:40.571 [reactor-http-epoll-2] DEBUG reactor.netty.resources.DefaultPooledConnectionProvider - [e4e01417, L:/127.0.0.1:38198 - R:localhost/127.0.0.1:49175] Releasing channel
01:22:40.572 [reactor-http-epoll-2] DEBUG reactor.netty.resources.PooledConnectionProvider - [e4e01417, L:/127.0.0.1:38198 - R:localhost/127.0.0.1:49175] Channel cleaned, now: 0 active connections, 1 inactive connections and 0 pending acquire requests.
01:22:40.572 [reactor-http-epoll-2] DEBUG reactor.netty.channel.FluxReceive - [e4e01417, L:/127.0.0.1:38198 - R:localhost/127.0.0.1:49175] FluxReceive{pending=1, cancelled=false, inboundDone=true, inboundError=null}: subscribing inbound receiver
01:22:40.573 [main] ERROR org.springframework.test.web.reactive.server.ExchangeResult - Request details for assertion failure:

> POST http://localhost:49175/api/column
> accept-encoding: [gzip]
> user-agent: [ReactorNetty/1.0.20]
> host: [localhost:49175]
> Content-Type: [application/json]
> Accept: [application/json]
> WebTestClient-Request-Id: [1]
> Authorization: [Bearer eyJ0eXAiOiJKV1QiLCJhbGciOiJIUzUxMiJ9.eyJzdWIiOiI3ZGZiM2UzMi1jNzg3LTQyMDItYWYxMy01OGUxMmZjMTQzYmMiLCJpc3MiOiJBZ2lsZSBJZGVudGl0eSBTZXJ2aWNlIiwiZXhwIjoxNjY0ODIzMTYwLCJpYXQiOjE2NjQ4MjEzNjAsImp0aSI6IjQxZTBjOGY3LWI5MDktNGVjYy1hZjA1LTU0MzFlMTVlNmUyMiJ9.oPwtMxztW6VidEzkDmr8rsYhwB5bp3sJK-LOtli5fqcedc8DnkFQZXbyLilBk1GbXsdfZuLIPC-fktwHm2QXXg]
> Content-Length: [38]

{"boardName":"foo","columnName":"bar"}

< 404 NOT_FOUND Not Found
< Content-Type: [application/json]
< Cache-Control: [no-cache, no-store, max-age=0, must-revalidate]
< Pragma: [no-cache]
< Expires: [0]
< X-Content-Type-Options: [nosniff]
< X-Frame-Options: [DENY]
< X-XSS-Protection: [1 ; mode=block]
< Referrer-Policy: [no-referrer]
< content-length: [107]

{"timestamp":1664821360567,"path":"/api/column","status":404,"error":"Not Found","requestId":"285ab411-12"}

]]></system-out>
  </testcase>
  <testcase name="whenCreatingNewTaskWithValidParams_thenExpectOkStatus" classname="com.trello.clone.integration.AlmendeServiceIT$NestedTaskCreateST" time="0.02">
    <failure message="Status expected:&lt;200 OK&gt; but was:&lt;404 NOT_FOUND&gt;" type="java.lang.AssertionError"><![CDATA[java.lang.AssertionError: Status expected:<200 OK> but was:<404 NOT_FOUND>
]]></failure>
    <system-out><![CDATA[01:22:40.579 [main] DEBUG org.springframework.web.reactive.function.client.ExchangeFunctions - [4e3e11b9] HTTP POST http://localhost:49175/api/task
01:22:40.579 [reactor-http-epoll-2] DEBUG reactor.netty.resources.PooledConnectionProvider - [e4e01417, L:/127.0.0.1:38198 - R:localhost/127.0.0.1:49175] Channel acquired, now: 1 active connections, 0 inactive connections and 0 pending acquire requests.
01:22:40.579 [reactor-http-epoll-2] DEBUG reactor.netty.http.client.HttpClientConnect - [e4e01417-13, L:/127.0.0.1:38198 - R:localhost/127.0.0.1:49175] Handler is being applied: {uri=http://localhost:49175/api/task, method=POST}
01:22:40.579 [reactor-http-epoll-2] DEBUG reactor.netty.resources.DefaultPooledConnectionProvider - [e4e01417-13, L:/127.0.0.1:38198 - R:localhost/127.0.0.1:49175] onStateChange(POST{uri=/api/task, connection=PooledConnection{channel=[id: 0xe4e01417, L:/127.0.0.1:38198 - R:localhost/127.0.0.1:49175]}}, [request_prepared])
01:22:40.581 [reactor-http-epoll-2] DEBUG org.springframework.http.codec.json.Jackson2JsonEncoder - [4e3e11b9] Encoding [TaskPayload[boardName=foo, columnName=bar, taskName=baz]]
01:22:40.584 [reactor-http-epoll-2] DEBUG reactor.netty.resources.DefaultPooledConnectionProvider - [e4e01417-13, L:/127.0.0.1:38198 - R:localhost/127.0.0.1:49175] onStateChange(POST{uri=/api/task, connection=PooledConnection{channel=[id: 0xe4e01417, L:/127.0.0.1:38198 - R:localhost/127.0.0.1:49175]}}, [request_sent])
01:22:40.592 [reactor-http-epoll-2] DEBUG reactor.netty.http.client.HttpClientOperations - [e4e01417-13, L:/127.0.0.1:38198 - R:localhost/127.0.0.1:49175] Received response (auto-read:false) : [Content-Type=application/json, Cache-Control=no-cache, no-store, max-age=0, must-revalidate, Pragma=no-cache, Expires=0, X-Content-Type-Options=nosniff, X-Frame-Options=DENY, X-XSS-Protection=1 ; mode=block, Referrer-Policy=no-referrer, content-length=105]
01:22:40.592 [reactor-http-epoll-2] DEBUG reactor.netty.resources.DefaultPooledConnectionProvider - [e4e01417-13, L:/127.0.0.1:38198 - R:localhost/127.0.0.1:49175] onStateChange(POST{uri=/api/task, connection=PooledConnection{channel=[id: 0xe4e01417, L:/127.0.0.1:38198 - R:localhost/127.0.0.1:49175]}}, [response_received])
01:22:40.593 [reactor-http-epoll-2] DEBUG org.springframework.web.reactive.function.client.ExchangeFunctions - [4e3e11b9] [e4e01417-13, L:/127.0.0.1:38198 - R:localhost/127.0.0.1:49175] Response 404 NOT_FOUND
01:22:40.593 [reactor-http-epoll-2] DEBUG reactor.netty.http.client.HttpClientOperations - [e4e01417-13, L:/127.0.0.1:38198 - R:localhost/127.0.0.1:49175] Received last HTTP packet
01:22:40.593 [reactor-http-epoll-2] DEBUG reactor.netty.resources.DefaultPooledConnectionProvider - [e4e01417, L:/127.0.0.1:38198 - R:localhost/127.0.0.1:49175] onStateChange(POST{uri=/api/task, connection=PooledConnection{channel=[id: 0xe4e01417, L:/127.0.0.1:38198 - R:localhost/127.0.0.1:49175]}}, [response_completed])
01:22:40.593 [reactor-http-epoll-2] DEBUG reactor.netty.resources.DefaultPooledConnectionProvider - [e4e01417, L:/127.0.0.1:38198 - R:localhost/127.0.0.1:49175] onStateChange(POST{uri=/api/task, connection=PooledConnection{channel=[id: 0xe4e01417, L:/127.0.0.1:38198 - R:localhost/127.0.0.1:49175]}}, [disconnecting])
01:22:40.593 [reactor-http-epoll-2] DEBUG reactor.netty.resources.DefaultPooledConnectionProvider - [e4e01417, L:/127.0.0.1:38198 - R:localhost/127.0.0.1:49175] Releasing channel
01:22:40.593 [reactor-http-epoll-2] DEBUG reactor.netty.resources.PooledConnectionProvider - [e4e01417, L:/127.0.0.1:38198 - R:localhost/127.0.0.1:49175] Channel cleaned, now: 0 active connections, 1 inactive connections and 0 pending acquire requests.
01:22:40.593 [reactor-http-epoll-2] DEBUG reactor.netty.channel.FluxReceive - [e4e01417, L:/127.0.0.1:38198 - R:localhost/127.0.0.1:49175] FluxReceive{pending=1, cancelled=false, inboundDone=true, inboundError=null}: subscribing inbound receiver
01:22:40.594 [main] ERROR org.springframework.test.web.reactive.server.ExchangeResult - Request details for assertion failure:

> POST http://localhost:49175/api/task
> accept-encoding: [gzip]
> user-agent: [ReactorNetty/1.0.20]
> host: [localhost:49175]
> Content-Type: [application/json]
> Accept: [application/json]
> WebTestClient-Request-Id: [1]
> Authorization: [Bearer eyJ0eXAiOiJKV1QiLCJhbGciOiJIUzUxMiJ9.eyJzdWIiOiI3ZGZiM2UzMi1jNzg3LTQyMDItYWYxMy01OGUxMmZjMTQzYmMiLCJpc3MiOiJBZ2lsZSBJZGVudGl0eSBTZXJ2aWNlIiwiZXhwIjoxNjY0ODIzMTYwLCJpYXQiOjE2NjQ4MjEzNjAsImp0aSI6IjQxZTBjOGY3LWI5MDktNGVjYy1hZjA1LTU0MzFlMTVlNmUyMiJ9.oPwtMxztW6VidEzkDmr8rsYhwB5bp3sJK-LOtli5fqcedc8DnkFQZXbyLilBk1GbXsdfZuLIPC-fktwHm2QXXg]
> Content-Length: [55]

{"boardName":"foo","columnName":"bar","taskName":"baz"}

< 404 NOT_FOUND Not Found
< Content-Type: [application/json]
< Cache-Control: [no-cache, no-store, max-age=0, must-revalidate]
< Pragma: [no-cache]
< Expires: [0]
< X-Content-Type-Options: [nosniff]
< X-Frame-Options: [DENY]
< X-XSS-Protection: [1 ; mode=block]
< Referrer-Policy: [no-referrer]
< content-length: [105]

{"timestamp":1664821360588,"path":"/api/task","status":404,"error":"Not Found","requestId":"285ab411-13"}

]]></system-out>
  </testcase>
  <testcase name="whenDeletingTaskWithValidParams_thenExpectOkStatus" classname="com.trello.clone.integration.AlmendeServiceIT$NestedDeleteST" time="0.048">
    <failure message="Status expected:&lt;200 OK&gt; but was:&lt;404 NOT_FOUND&gt;" type="java.lang.AssertionError"><![CDATA[java.lang.AssertionError: Status expected:<200 OK> but was:<404 NOT_FOUND>
]]></failure>
    <system-out><![CDATA[01:22:40.598 [main] DEBUG org.springframework.web.reactive.function.client.ExchangeFunctions - [1ff15a50] HTTP DELETE http://localhost:49175/api/task?board=foo&column=bar&task=baz
01:22:40.599 [reactor-http-epoll-2] DEBUG reactor.netty.resources.PooledConnectionProvider - [e4e01417, L:/127.0.0.1:38198 - R:localhost/127.0.0.1:49175] Channel acquired, now: 1 active connections, 0 inactive connections and 0 pending acquire requests.
01:22:40.599 [reactor-http-epoll-2] DEBUG reactor.netty.http.client.HttpClientConnect - [e4e01417-14, L:/127.0.0.1:38198 - R:localhost/127.0.0.1:49175] Handler is being applied: {uri=http://localhost:49175/api/task?board=foo&column=bar&task=baz, method=DELETE}
01:22:40.600 [reactor-http-epoll-2] DEBUG reactor.netty.resources.DefaultPooledConnectionProvider - [e4e01417-14, L:/127.0.0.1:38198 - R:localhost/127.0.0.1:49175] onStateChange(DELETE{uri=/api/task?board=foo&column=bar&task=baz, connection=PooledConnection{channel=[id: 0xe4e01417, L:/127.0.0.1:38198 - R:localhost/127.0.0.1:49175]}}, [request_prepared])
01:22:40.602 [reactor-http-epoll-2] DEBUG reactor.netty.resources.DefaultPooledConnectionProvider - [e4e01417-14, L:/127.0.0.1:38198 - R:localhost/127.0.0.1:49175] onStateChange(DELETE{uri=/api/task?board=foo&column=bar&task=baz, connection=PooledConnection{channel=[id: 0xe4e01417, L:/127.0.0.1:38198 - R:localhost/127.0.0.1:49175]}}, [request_sent])
01:22:40.639 [reactor-http-epoll-2] DEBUG reactor.netty.http.client.HttpClientOperations - [e4e01417-14, L:/127.0.0.1:38198 - R:localhost/127.0.0.1:49175] Received response (auto-read:false) : [Content-Type=application/json, Cache-Control=no-cache, no-store, max-age=0, must-revalidate, Pragma=no-cache, Expires=0, X-Content-Type-Options=nosniff, X-Frame-Options=DENY, X-XSS-Protection=1 ; mode=block, Referrer-Policy=no-referrer, content-length=105]
01:22:40.639 [reactor-http-epoll-2] DEBUG reactor.netty.resources.DefaultPooledConnectionProvider - [e4e01417-14, L:/127.0.0.1:38198 - R:localhost/127.0.0.1:49175] onStateChange(DELETE{uri=/api/task?board=foo&column=bar&task=baz, connection=PooledConnection{channel=[id: 0xe4e01417, L:/127.0.0.1:38198 - R:localhost/127.0.0.1:49175]}}, [response_received])
01:22:40.640 [reactor-http-epoll-2] DEBUG org.springframework.web.reactive.function.client.ExchangeFunctions - [1ff15a50] [e4e01417-14, L:/127.0.0.1:38198 - R:localhost/127.0.0.1:49175] Response 404 NOT_FOUND
01:22:40.640 [reactor-http-epoll-2] DEBUG reactor.netty.http.client.HttpClientOperations - [e4e01417-14, L:/127.0.0.1:38198 - R:localhost/127.0.0.1:49175] Received last HTTP packet
01:22:40.640 [reactor-http-epoll-2] DEBUG reactor.netty.resources.DefaultPooledConnectionProvider - [e4e01417, L:/127.0.0.1:38198 - R:localhost/127.0.0.1:49175] onStateChange(DELETE{uri=/api/task?board=foo&column=bar&task=baz, connection=PooledConnection{channel=[id: 0xe4e01417, L:/127.0.0.1:38198 - R:localhost/127.0.0.1:49175]}}, [response_completed])
01:22:40.640 [reactor-http-epoll-2] DEBUG reactor.netty.resources.DefaultPooledConnectionProvider - [e4e01417, L:/127.0.0.1:38198 - R:localhost/127.0.0.1:49175] onStateChange(DELETE{uri=/api/task?board=foo&column=bar&task=baz, connection=PooledConnection{channel=[id: 0xe4e01417, L:/127.0.0.1:38198 - R:localhost/127.0.0.1:49175]}}, [disconnecting])
01:22:40.640 [reactor-http-epoll-2] DEBUG reactor.netty.resources.DefaultPooledConnectionProvider - [e4e01417, L:/127.0.0.1:38198 - R:localhost/127.0.0.1:49175] Releasing channel
01:22:40.640 [reactor-http-epoll-2] DEBUG reactor.netty.resources.PooledConnectionProvider - [e4e01417, L:/127.0.0.1:38198 - R:localhost/127.0.0.1:49175] Channel cleaned, now: 0 active connections, 1 inactive connections and 0 pending acquire requests.
01:22:40.640 [reactor-http-epoll-2] DEBUG reactor.netty.channel.FluxReceive - [e4e01417, L:/127.0.0.1:38198 - R:localhost/127.0.0.1:49175] FluxReceive{pending=1, cancelled=false, inboundDone=true, inboundError=null}: subscribing inbound receiver
01:22:40.641 [main] ERROR org.springframework.test.web.reactive.server.ExchangeResult - Request details for assertion failure:

> DELETE http://localhost:49175/api/task?board=foo&column=bar&task=baz
> accept-encoding: [gzip]
> user-agent: [ReactorNetty/1.0.20]
> host: [localhost:49175]
> Content-Type: [application/json]
> Accept: [application/json]
> WebTestClient-Request-Id: [1]
> Authorization: [Bearer eyJ0eXAiOiJKV1QiLCJhbGciOiJIUzUxMiJ9.eyJzdWIiOiI3ZGZiM2UzMi1jNzg3LTQyMDItYWYxMy01OGUxMmZjMTQzYmMiLCJpc3MiOiJBZ2lsZSBJZGVudGl0eSBTZXJ2aWNlIiwiZXhwIjoxNjY0ODIzMTYwLCJpYXQiOjE2NjQ4MjEzNjAsImp0aSI6IjQxZTBjOGY3LWI5MDktNGVjYy1hZjA1LTU0MzFlMTVlNmUyMiJ9.oPwtMxztW6VidEzkDmr8rsYhwB5bp3sJK-LOtli5fqcedc8DnkFQZXbyLilBk1GbXsdfZuLIPC-fktwHm2QXXg]

No content

< 404 NOT_FOUND Not Found
< Content-Type: [application/json]
< Cache-Control: [no-cache, no-store, max-age=0, must-revalidate]
< Pragma: [no-cache]
< Expires: [0]
< X-Content-Type-Options: [nosniff]
< X-Frame-Options: [DENY]
< X-XSS-Protection: [1 ; mode=block]
< Referrer-Policy: [no-referrer]
< content-length: [105]

{"timestamp":1664821360636,"path":"/api/task","status":404,"error":"Not Found","requestId":"285ab411-14"}

]]></system-out>
  </testcase>
  <testcase name="whenDeletingColumnWithValidParams_thenExpectOkStatus" classname="com.trello.clone.integration.AlmendeServiceIT$NestedColumnDeleteST" time="0.015">
    <failure message="Status expected:&lt;200 OK&gt; but was:&lt;404 NOT_FOUND&gt;" type="java.lang.AssertionError"><![CDATA[java.lang.AssertionError: Status expected:<200 OK> but was:<404 NOT_FOUND>
]]></failure>
    <system-out><![CDATA[01:22:40.646 [main] DEBUG org.springframework.web.reactive.function.client.ExchangeFunctions - [47148f3f] HTTP DELETE http://localhost:49175/api/column?board=foo&column=bar
01:22:40.646 [reactor-http-epoll-2] DEBUG reactor.netty.resources.PooledConnectionProvider - [e4e01417, L:/127.0.0.1:38198 - R:localhost/127.0.0.1:49175] Channel acquired, now: 1 active connections, 0 inactive connections and 0 pending acquire requests.
01:22:40.647 [reactor-http-epoll-2] DEBUG reactor.netty.http.client.HttpClientConnect - [e4e01417-15, L:/127.0.0.1:38198 - R:localhost/127.0.0.1:49175] Handler is being applied: {uri=http://localhost:49175/api/column?board=foo&column=bar, method=DELETE}
01:22:40.647 [reactor-http-epoll-2] DEBUG reactor.netty.resources.DefaultPooledConnectionProvider - [e4e01417-15, L:/127.0.0.1:38198 - R:localhost/127.0.0.1:49175] onStateChange(DELETE{uri=/api/column?board=foo&column=bar, connection=PooledConnection{channel=[id: 0xe4e01417, L:/127.0.0.1:38198 - R:localhost/127.0.0.1:49175]}}, [request_prepared])
01:22:40.649 [reactor-http-epoll-2] DEBUG reactor.netty.resources.DefaultPooledConnectionProvider - [e4e01417-15, L:/127.0.0.1:38198 - R:localhost/127.0.0.1:49175] onStateChange(DELETE{uri=/api/column?board=foo&column=bar, connection=PooledConnection{channel=[id: 0xe4e01417, L:/127.0.0.1:38198 - R:localhost/127.0.0.1:49175]}}, [request_sent])
01:22:40.656 [reactor-http-epoll-2] DEBUG reactor.netty.http.client.HttpClientOperations - [e4e01417-15, L:/127.0.0.1:38198 - R:localhost/127.0.0.1:49175] Received response (auto-read:false) : [Content-Type=application/json, Cache-Control=no-cache, no-store, max-age=0, must-revalidate, Pragma=no-cache, Expires=0, X-Content-Type-Options=nosniff, X-Frame-Options=DENY, X-XSS-Protection=1 ; mode=block, Referrer-Policy=no-referrer, content-length=107]
01:22:40.656 [reactor-http-epoll-2] DEBUG reactor.netty.resources.DefaultPooledConnectionProvider - [e4e01417-15, L:/127.0.0.1:38198 - R:localhost/127.0.0.1:49175] onStateChange(DELETE{uri=/api/column?board=foo&column=bar, connection=PooledConnection{channel=[id: 0xe4e01417, L:/127.0.0.1:38198 - R:localhost/127.0.0.1:49175]}}, [response_received])
01:22:40.657 [reactor-http-epoll-2] DEBUG org.springframework.web.reactive.function.client.ExchangeFunctions - [47148f3f] [e4e01417-15, L:/127.0.0.1:38198 - R:localhost/127.0.0.1:49175] Response 404 NOT_FOUND
01:22:40.657 [reactor-http-epoll-2] DEBUG reactor.netty.http.client.HttpClientOperations - [e4e01417-15, L:/127.0.0.1:38198 - R:localhost/127.0.0.1:49175] Received last HTTP packet
01:22:40.657 [reactor-http-epoll-2] DEBUG reactor.netty.resources.DefaultPooledConnectionProvider - [e4e01417, L:/127.0.0.1:38198 - R:localhost/127.0.0.1:49175] onStateChange(DELETE{uri=/api/column?board=foo&column=bar, connection=PooledConnection{channel=[id: 0xe4e01417, L:/127.0.0.1:38198 - R:localhost/127.0.0.1:49175]}}, [response_completed])
01:22:40.657 [reactor-http-epoll-2] DEBUG reactor.netty.resources.DefaultPooledConnectionProvider - [e4e01417, L:/127.0.0.1:38198 - R:localhost/127.0.0.1:49175] onStateChange(DELETE{uri=/api/column?board=foo&column=bar, connection=PooledConnection{channel=[id: 0xe4e01417, L:/127.0.0.1:38198 - R:localhost/127.0.0.1:49175]}}, [disconnecting])
01:22:40.657 [reactor-http-epoll-2] DEBUG reactor.netty.resources.DefaultPooledConnectionProvider - [e4e01417, L:/127.0.0.1:38198 - R:localhost/127.0.0.1:49175] Releasing channel
01:22:40.657 [reactor-http-epoll-2] DEBUG reactor.netty.resources.PooledConnectionProvider - [e4e01417, L:/127.0.0.1:38198 - R:localhost/127.0.0.1:49175] Channel cleaned, now: 0 active connections, 1 inactive connections and 0 pending acquire requests.
01:22:40.658 [reactor-http-epoll-2] DEBUG reactor.netty.channel.FluxReceive - [e4e01417, L:/127.0.0.1:38198 - R:localhost/127.0.0.1:49175] FluxReceive{pending=1, cancelled=false, inboundDone=true, inboundError=null}: subscribing inbound receiver
01:22:40.658 [main] ERROR org.springframework.test.web.reactive.server.ExchangeResult - Request details for assertion failure:

> DELETE http://localhost:49175/api/column?board=foo&column=bar
> accept-encoding: [gzip]
> user-agent: [ReactorNetty/1.0.20]
> host: [localhost:49175]
> Content-Type: [application/json]
> Accept: [application/json]
> WebTestClient-Request-Id: [1]
> Authorization: [Bearer eyJ0eXAiOiJKV1QiLCJhbGciOiJIUzUxMiJ9.eyJzdWIiOiI3ZGZiM2UzMi1jNzg3LTQyMDItYWYxMy01OGUxMmZjMTQzYmMiLCJpc3MiOiJBZ2lsZSBJZGVudGl0eSBTZXJ2aWNlIiwiZXhwIjoxNjY0ODIzMTYwLCJpYXQiOjE2NjQ4MjEzNjAsImp0aSI6IjQxZTBjOGY3LWI5MDktNGVjYy1hZjA1LTU0MzFlMTVlNmUyMiJ9.oPwtMxztW6VidEzkDmr8rsYhwB5bp3sJK-LOtli5fqcedc8DnkFQZXbyLilBk1GbXsdfZuLIPC-fktwHm2QXXg]

No content

< 404 NOT_FOUND Not Found
< Content-Type: [application/json]
< Cache-Control: [no-cache, no-store, max-age=0, must-revalidate]
< Pragma: [no-cache]
< Expires: [0]
< X-Content-Type-Options: [nosniff]
< X-Frame-Options: [DENY]
< X-XSS-Protection: [1 ; mode=block]
< Referrer-Policy: [no-referrer]
< content-length: [107]

{"timestamp":1664821360652,"path":"/api/column","status":404,"error":"Not Found","requestId":"285ab411-15"}

]]></system-out>
  </testcase>
  <testcase name="whenDeletingBoardWithValidParams_thenExpectOkStatus" classname="com.trello.clone.integration.AlmendeServiceIT$NestedBoardDeleteST" time="0.016">
    <failure message="Status expected:&lt;200 OK&gt; but was:&lt;404 NOT_FOUND&gt;" type="java.lang.AssertionError"><![CDATA[java.lang.AssertionError: Status expected:<200 OK> but was:<404 NOT_FOUND>
]]></failure>
    <system-out><![CDATA[01:22:40.663 [main] DEBUG org.springframework.web.reactive.function.client.ExchangeFunctions - [7d528cf7] HTTP DELETE http://localhost:49175/api/board?name=foo
01:22:40.663 [reactor-http-epoll-2] DEBUG reactor.netty.resources.PooledConnectionProvider - [e4e01417, L:/127.0.0.1:38198 - R:localhost/127.0.0.1:49175] Channel acquired, now: 1 active connections, 0 inactive connections and 0 pending acquire requests.
01:22:40.663 [reactor-http-epoll-2] DEBUG reactor.netty.http.client.HttpClientConnect - [e4e01417-16, L:/127.0.0.1:38198 - R:localhost/127.0.0.1:49175] Handler is being applied: {uri=http://localhost:49175/api/board?name=foo, method=DELETE}
01:22:40.664 [reactor-http-epoll-2] DEBUG reactor.netty.resources.DefaultPooledConnectionProvider - [e4e01417-16, L:/127.0.0.1:38198 - R:localhost/127.0.0.1:49175] onStateChange(DELETE{uri=/api/board?name=foo, connection=PooledConnection{channel=[id: 0xe4e01417, L:/127.0.0.1:38198 - R:localhost/127.0.0.1:49175]}}, [request_prepared])
01:22:40.664 [reactor-http-epoll-2] DEBUG reactor.netty.resources.DefaultPooledConnectionProvider - [e4e01417-16, L:/127.0.0.1:38198 - R:localhost/127.0.0.1:49175] onStateChange(DELETE{uri=/api/board?name=foo, connection=PooledConnection{channel=[id: 0xe4e01417, L:/127.0.0.1:38198 - R:localhost/127.0.0.1:49175]}}, [request_sent])
01:22:40.673 [reactor-http-epoll-2] DEBUG reactor.netty.http.client.HttpClientOperations - [e4e01417-16, L:/127.0.0.1:38198 - R:localhost/127.0.0.1:49175] Received response (auto-read:false) : [Content-Type=application/json, Cache-Control=no-cache, no-store, max-age=0, must-revalidate, Pragma=no-cache, Expires=0, X-Content-Type-Options=nosniff, X-Frame-Options=DENY, X-XSS-Protection=1 ; mode=block, Referrer-Policy=no-referrer, content-length=106]
01:22:40.673 [reactor-http-epoll-2] DEBUG reactor.netty.resources.DefaultPooledConnectionProvider - [e4e01417-16, L:/127.0.0.1:38198 - R:localhost/127.0.0.1:49175] onStateChange(DELETE{uri=/api/board?name=foo, connection=PooledConnection{channel=[id: 0xe4e01417, L:/127.0.0.1:38198 - R:localhost/127.0.0.1:49175]}}, [response_received])
01:22:40.674 [reactor-http-epoll-2] DEBUG org.springframework.web.reactive.function.client.ExchangeFunctions - [7d528cf7] [e4e01417-16, L:/127.0.0.1:38198 - R:localhost/127.0.0.1:49175] Response 404 NOT_FOUND
01:22:40.674 [reactor-http-epoll-2] DEBUG reactor.netty.http.client.HttpClientOperations - [e4e01417-16, L:/127.0.0.1:38198 - R:localhost/127.0.0.1:49175] Received last HTTP packet
01:22:40.674 [reactor-http-epoll-2] DEBUG reactor.netty.resources.DefaultPooledConnectionProvider - [e4e01417, L:/127.0.0.1:38198 - R:localhost/127.0.0.1:49175] onStateChange(DELETE{uri=/api/board?name=foo, connection=PooledConnection{channel=[id: 0xe4e01417, L:/127.0.0.1:38198 - R:localhost/127.0.0.1:49175]}}, [response_completed])
01:22:40.674 [reactor-http-epoll-2] DEBUG reactor.netty.resources.DefaultPooledConnectionProvider - [e4e01417, L:/127.0.0.1:38198 - R:localhost/127.0.0.1:49175] onStateChange(DELETE{uri=/api/board?name=foo, connection=PooledConnection{channel=[id: 0xe4e01417, L:/127.0.0.1:38198 - R:localhost/127.0.0.1:49175]}}, [disconnecting])
01:22:40.674 [reactor-http-epoll-2] DEBUG reactor.netty.resources.DefaultPooledConnectionProvider - [e4e01417, L:/127.0.0.1:38198 - R:localhost/127.0.0.1:49175] Releasing channel
01:22:40.674 [reactor-http-epoll-2] DEBUG reactor.netty.resources.PooledConnectionProvider - [e4e01417, L:/127.0.0.1:38198 - R:localhost/127.0.0.1:49175] Channel cleaned, now: 0 active connections, 1 inactive connections and 0 pending acquire requests.
01:22:40.674 [reactor-http-epoll-2] DEBUG reactor.netty.channel.FluxReceive - [e4e01417, L:/127.0.0.1:38198 - R:localhost/127.0.0.1:49175] FluxReceive{pending=1, cancelled=false, inboundDone=true, inboundError=null}: subscribing inbound receiver
01:22:40.675 [main] ERROR org.springframework.test.web.reactive.server.ExchangeResult - Request details for assertion failure:

> DELETE http://localhost:49175/api/board?name=foo
> accept-encoding: [gzip]
> user-agent: [ReactorNetty/1.0.20]
> host: [localhost:49175]
> Content-Type: [application/json]
> Accept: [application/json]
> WebTestClient-Request-Id: [1]
> Authorization: [Bearer eyJ0eXAiOiJKV1QiLCJhbGciOiJIUzUxMiJ9.eyJzdWIiOiI3ZGZiM2UzMi1jNzg3LTQyMDItYWYxMy01OGUxMmZjMTQzYmMiLCJpc3MiOiJBZ2lsZSBJZGVudGl0eSBTZXJ2aWNlIiwiZXhwIjoxNjY0ODIzMTYwLCJpYXQiOjE2NjQ4MjEzNjAsImp0aSI6IjQxZTBjOGY3LWI5MDktNGVjYy1hZjA1LTU0MzFlMTVlNmUyMiJ9.oPwtMxztW6VidEzkDmr8rsYhwB5bp3sJK-LOtli5fqcedc8DnkFQZXbyLilBk1GbXsdfZuLIPC-fktwHm2QXXg]

No content

< 404 NOT_FOUND Not Found
< Content-Type: [application/json]
< Cache-Control: [no-cache, no-store, max-age=0, must-revalidate]
< Pragma: [no-cache]
< Expires: [0]
< X-Content-Type-Options: [nosniff]
< X-Frame-Options: [DENY]
< X-XSS-Protection: [1 ; mode=block]
< Referrer-Policy: [no-referrer]
< content-length: [106]

{"timestamp":1664821360669,"path":"/api/board","status":404,"error":"Not Found","requestId":"285ab411-16"}

]]></system-out>
  </testcase>
</testsuite>