<?xml version="1.0" encoding="UTF-8"?>
<testsuite xmlns:xsi="http://www.w3.org/2001/XMLSchema-instance" xsi:noNamespaceSchemaLocation="https://maven.apache.org/surefire/maven-failsafe-plugin/xsd/failsafe-test-report.xsd" name="com.trello.clone.integration.AlmendeServiceIT" time="43.178" tests="16" errors="0" skipped="0" failures="11">
  <properties>
[...]
</properties>
  <testcase name="whenRegisterUsingInvalidPayload_ThenExpectError" classname="com.trello.clone.integration.AlmendeServiceIT$NestedRegistrationST" time="1.322"/>
  <testcase name="whenRegisterUsingValidPayload_ThenExpectOKStatus" classname="com.trello.clone.integration.AlmendeServiceIT$NestedRegistrationST" time="0.949"/>
  <testcase name="whenLoginWithValidUsername_ThenExpectTokenPair" classname="com.trello.clone.integration.AlmendeServiceIT$NestedAuthenticationST" time="0.006"/>
  <testcase name="whenLoginWithValidEmail_AndSessionExists_ThenExpectConflictError" classname="com.trello.clone.integration.AlmendeServiceIT$NestedAuthenticationST" time="0.463"/>
  <testcase name="whenRefreshingWithValidToken_thenExpectNewTokenPair" classname="com.trello.clone.integration.AlmendeServiceIT$NestedRefreshSessionST" time="0.319">
    <failure message="&#10;Expecting actual not to be null" type="java.lang.AssertionError">java.lang.AssertionError: 

Expecting actual not to be null
</failure>
    <system-out><![CDATA[00:12:59.280 [main] DEBUG org.springframework.web.reactive.function.client.ExchangeFunctions - [32d5279] HTTP GET http://localhost:49166/api/auth/refresh?refreshToken=eyJ0eXAiOiJKV1QiLCJhbGciOiJIUzUxMiJ9.eyJzdWIiOiJjN2NmMWU3ZC01NjgzLTRiYmEtYTc0OS1mNzFmNjgyZGRjZTIiLCJpc3MiOiJBZ2lsZSBJZGVudGl0eSBTZXJ2aWNlIiwiZXhwIjoxNjY0ODE3NTk5LCJpYXQiOjE2NjQ4MTcxNzksImp0aSI6IjVhMzdmZDQ2LTE5YmMtNGY0Mi1hZjZmLThlYTQ2YTJjNDZkZSJ9.bwsFkkQeZUtgrZ8wImnQb_mBszoHn0keRMzvN-kHF7brWACilnFFwS_WwAAU9GaJbPfcxHw9_YlC1XDiCb1N0Q
00:12:59.281 [reactor-http-epoll-2] DEBUG reactor.netty.resources.PooledConnectionProvider - [1f19a60f, L:/127.0.0.1:44916 - R:localhost/127.0.0.1:49166] Channel acquired, now: 1 active connections, 0 inactive connections and 0 pending acquire requests.
00:12:59.281 [reactor-http-epoll-2] DEBUG reactor.netty.http.client.HttpClientConnect - [1f19a60f-5, L:/127.0.0.1:44916 - R:localhost/127.0.0.1:49166] Handler is being applied: {uri=http://localhost:49166/api/auth/refresh?refreshToken=eyJ0eXAiOiJKV1QiLCJhbGciOiJIUzUxMiJ9.eyJzdWIiOiJjN2NmMWU3ZC01NjgzLTRiYmEtYTc0OS1mNzFmNjgyZGRjZTIiLCJpc3MiOiJBZ2lsZSBJZGVudGl0eSBTZXJ2aWNlIiwiZXhwIjoxNjY0ODE3NTk5LCJpYXQiOjE2NjQ4MTcxNzksImp0aSI6IjVhMzdmZDQ2LTE5YmMtNGY0Mi1hZjZmLThlYTQ2YTJjNDZkZSJ9.bwsFkkQeZUtgrZ8wImnQb_mBszoHn0keRMzvN-kHF7brWACilnFFwS_WwAAU9GaJbPfcxHw9_YlC1XDiCb1N0Q, method=GET}
00:12:59.281 [reactor-http-epoll-2] DEBUG reactor.netty.resources.DefaultPooledConnectionProvider - [1f19a60f-5, L:/127.0.0.1:44916 - R:localhost/127.0.0.1:49166] onStateChange(GET{uri=/api/auth/refresh?refreshToken=eyJ0eXAiOiJKV1QiLCJhbGciOiJIUzUxMiJ9.eyJzdWIiOiJjN2NmMWU3ZC01NjgzLTRiYmEtYTc0OS1mNzFmNjgyZGRjZTIiLCJpc3MiOiJBZ2lsZSBJZGVudGl0eSBTZXJ2aWNlIiwiZXhwIjoxNjY0ODE3NTk5LCJpYXQiOjE2NjQ4MTcxNzksImp0aSI6IjVhMzdmZDQ2LTE5YmMtNGY0Mi1hZjZmLThlYTQ2YTJjNDZkZSJ9.bwsFkkQeZUtgrZ8wImnQb_mBszoHn0keRMzvN-kHF7brWACilnFFwS_WwAAU9GaJbPfcxHw9_YlC1XDiCb1N0Q, connection=PooledConnection{channel=[id: 0x1f19a60f, L:/127.0.0.1:44916 - R:localhost/127.0.0.1:49166]}}, [request_prepared])
00:12:59.283 [reactor-http-epoll-2] DEBUG reactor.netty.resources.DefaultPooledConnectionProvider - [1f19a60f-5, L:/127.0.0.1:44916 - R:localhost/127.0.0.1:49166] onStateChange(GET{uri=/api/auth/refresh?refreshToken=eyJ0eXAiOiJKV1QiLCJhbGciOiJIUzUxMiJ9.eyJzdWIiOiJjN2NmMWU3ZC01NjgzLTRiYmEtYTc0OS1mNzFmNjgyZGRjZTIiLCJpc3MiOiJBZ2lsZSBJZGVudGl0eSBTZXJ2aWNlIiwiZXhwIjoxNjY0ODE3NTk5LCJpYXQiOjE2NjQ4MTcxNzksImp0aSI6IjVhMzdmZDQ2LTE5YmMtNGY0Mi1hZjZmLThlYTQ2YTJjNDZkZSJ9.bwsFkkQeZUtgrZ8wImnQb_mBszoHn0keRMzvN-kHF7brWACilnFFwS_WwAAU9GaJbPfcxHw9_YlC1XDiCb1N0Q, connection=PooledConnection{channel=[id: 0x1f19a60f, L:/127.0.0.1:44916 - R:localhost/127.0.0.1:49166]}}, [request_sent])
00:12:59.306 [reactor-http-epoll-2] DEBUG reactor.netty.http.client.HttpClientOperations - [1f19a60f-5, L:/127.0.0.1:44916 - R:localhost/127.0.0.1:49166] Received response (auto-read:false) : [Vary=Origin, Vary=Access-Control-Request-Method, Vary=Access-Control-Request-Headers, Content-Type=application/json, Cache-Control=no-cache, no-store, max-age=0, must-revalidate, Pragma=no-cache, Expires=0, X-Content-Type-Options=nosniff, X-Frame-Options=DENY, X-XSS-Protection=1 ; mode=block, Referrer-Policy=no-referrer, content-length=0]
00:12:59.306 [reactor-http-epoll-2] DEBUG reactor.netty.resources.DefaultPooledConnectionProvider - [1f19a60f-5, L:/127.0.0.1:44916 - R:localhost/127.0.0.1:49166] onStateChange(GET{uri=/api/auth/refresh?refreshToken=eyJ0eXAiOiJKV1QiLCJhbGciOiJIUzUxMiJ9.eyJzdWIiOiJjN2NmMWU3ZC01NjgzLTRiYmEtYTc0OS1mNzFmNjgyZGRjZTIiLCJpc3MiOiJBZ2lsZSBJZGVudGl0eSBTZXJ2aWNlIiwiZXhwIjoxNjY0ODE3NTk5LCJpYXQiOjE2NjQ4MTcxNzksImp0aSI6IjVhMzdmZDQ2LTE5YmMtNGY0Mi1hZjZmLThlYTQ2YTJjNDZkZSJ9.bwsFkkQeZUtgrZ8wImnQb_mBszoHn0keRMzvN-kHF7brWACilnFFwS_WwAAU9GaJbPfcxHw9_YlC1XDiCb1N0Q, connection=PooledConnection{channel=[id: 0x1f19a60f, L:/127.0.0.1:44916 - R:localhost/127.0.0.1:49166]}}, [response_received])
00:12:59.307 [reactor-http-epoll-2] DEBUG org.springframework.web.reactive.function.client.ExchangeFunctions - [32d5279] [1f19a60f-5, L:/127.0.0.1:44916 - R:localhost/127.0.0.1:49166] Response 200 OK
00:12:59.307 [reactor-http-epoll-2] DEBUG reactor.netty.http.client.HttpClientOperations - [1f19a60f-5, L:/127.0.0.1:44916 - R:localhost/127.0.0.1:49166] Received last HTTP packet
00:12:59.307 [reactor-http-epoll-2] DEBUG reactor.netty.resources.DefaultPooledConnectionProvider - [1f19a60f, L:/127.0.0.1:44916 - R:localhost/127.0.0.1:49166] onStateChange(GET{uri=/api/auth/refresh?refreshToken=eyJ0eXAiOiJKV1QiLCJhbGciOiJIUzUxMiJ9.eyJzdWIiOiJjN2NmMWU3ZC01NjgzLTRiYmEtYTc0OS1mNzFmNjgyZGRjZTIiLCJpc3MiOiJBZ2lsZSBJZGVudGl0eSBTZXJ2aWNlIiwiZXhwIjoxNjY0ODE3NTk5LCJpYXQiOjE2NjQ4MTcxNzksImp0aSI6IjVhMzdmZDQ2LTE5YmMtNGY0Mi1hZjZmLThlYTQ2YTJjNDZkZSJ9.bwsFkkQeZUtgrZ8wImnQb_mBszoHn0keRMzvN-kHF7brWACilnFFwS_WwAAU9GaJbPfcxHw9_YlC1XDiCb1N0Q, connection=PooledConnection{channel=[id: 0x1f19a60f, L:/127.0.0.1:44916 - R:localhost/127.0.0.1:49166]}}, [response_completed])
00:12:59.307 [reactor-http-epoll-2] DEBUG reactor.netty.resources.DefaultPooledConnectionProvider - [1f19a60f, L:/127.0.0.1:44916 - R:localhost/127.0.0.1:49166] onStateChange(GET{uri=/api/auth/refresh?refreshToken=eyJ0eXAiOiJKV1QiLCJhbGciOiJIUzUxMiJ9.eyJzdWIiOiJjN2NmMWU3ZC01NjgzLTRiYmEtYTc0OS1mNzFmNjgyZGRjZTIiLCJpc3MiOiJBZ2lsZSBJZGVudGl0eSBTZXJ2aWNlIiwiZXhwIjoxNjY0ODE3NTk5LCJpYXQiOjE2NjQ4MTcxNzksImp0aSI6IjVhMzdmZDQ2LTE5YmMtNGY0Mi1hZjZmLThlYTQ2YTJjNDZkZSJ9.bwsFkkQeZUtgrZ8wImnQb_mBszoHn0keRMzvN-kHF7brWACilnFFwS_WwAAU9GaJbPfcxHw9_YlC1XDiCb1N0Q, connection=PooledConnection{channel=[id: 0x1f19a60f, L:/127.0.0.1:44916 - R:localhost/127.0.0.1:49166]}}, [disconnecting])
00:12:59.307 [reactor-http-epoll-2] DEBUG reactor.netty.resources.DefaultPooledConnectionProvider - [1f19a60f, L:/127.0.0.1:44916 - R:localhost/127.0.0.1:49166] Releasing channel
00:12:59.307 [reactor-http-epoll-2] DEBUG reactor.netty.resources.PooledConnectionProvider - [1f19a60f, L:/127.0.0.1:44916 - R:localhost/127.0.0.1:49166] Channel cleaned, now: 0 active connections, 1 inactive connections and 0 pending acquire requests.
00:12:59.307 [reactor-http-epoll-2] DEBUG reactor.netty.channel.FluxReceive - [1f19a60f, L:/127.0.0.1:44916 - R:localhost/127.0.0.1:49166] FluxReceive{pending=0, cancelled=false, inboundDone=true, inboundError=null}: subscribing inbound receiver
]]></system-out>
  </testcase>
  <testcase name="whenRefreshingWithInvalidSession_thenExpectInvalidatedError" classname="com.trello.clone.integration.AlmendeServiceIT$NestedRefreshSessionST" time="1.563">
    <failure message="No value at JSON path &quot;$.status&quot;" type="java.lang.AssertionError">java.lang.AssertionError: No value at JSON path "$.status"
Caused by: java.lang.IllegalArgumentException: json can not be null or empty
</failure>
    <system-out><![CDATA[00:12:59.319 [main] DEBUG org.springframework.web.reactive.function.client.ExchangeFunctions - [32ec9c90] HTTP GET http://localhost:49166/api/auth/refresh?refreshToken=eyJ0eXAiOiJKV1QiLCJhbGciOiJIUzUxMiJ9.eyJzdWIiOiJjN2NmMWU3ZC01NjgzLTRiYmEtYTc0OS1mNzFmNjgyZGRjZTIiLCJpc3MiOiJBZ2lsZSBJZGVudGl0eSBTZXJ2aWNlIiwiZXhwIjoxNjY0ODE3NTk5LCJpYXQiOjE2NjQ4MTcxNzksImp0aSI6IjVhMzdmZDQ2LTE5YmMtNGY0Mi1hZjZmLThlYTQ2YTJjNDZkZSJ9.bwsFkkQeZUtgrZ8wImnQb_mBszoHn0keRMzvN-kHF7brWACilnFFwS_WwAAU9GaJbPfcxHw9_YlC1XDiCb1N0Q
00:12:59.320 [reactor-http-epoll-2] DEBUG reactor.netty.resources.PooledConnectionProvider - [1f19a60f, L:/127.0.0.1:44916 - R:localhost/127.0.0.1:49166] Channel acquired, now: 1 active connections, 0 inactive connections and 0 pending acquire requests.
00:12:59.320 [reactor-http-epoll-2] DEBUG reactor.netty.http.client.HttpClientConnect - [1f19a60f-6, L:/127.0.0.1:44916 - R:localhost/127.0.0.1:49166] Handler is being applied: {uri=http://localhost:49166/api/auth/refresh?refreshToken=eyJ0eXAiOiJKV1QiLCJhbGciOiJIUzUxMiJ9.eyJzdWIiOiJjN2NmMWU3ZC01NjgzLTRiYmEtYTc0OS1mNzFmNjgyZGRjZTIiLCJpc3MiOiJBZ2lsZSBJZGVudGl0eSBTZXJ2aWNlIiwiZXhwIjoxNjY0ODE3NTk5LCJpYXQiOjE2NjQ4MTcxNzksImp0aSI6IjVhMzdmZDQ2LTE5YmMtNGY0Mi1hZjZmLThlYTQ2YTJjNDZkZSJ9.bwsFkkQeZUtgrZ8wImnQb_mBszoHn0keRMzvN-kHF7brWACilnFFwS_WwAAU9GaJbPfcxHw9_YlC1XDiCb1N0Q, method=GET}
00:12:59.320 [reactor-http-epoll-2] DEBUG reactor.netty.resources.DefaultPooledConnectionProvider - [1f19a60f-6, L:/127.0.0.1:44916 - R:localhost/127.0.0.1:49166] onStateChange(GET{uri=/api/auth/refresh?refreshToken=eyJ0eXAiOiJKV1QiLCJhbGciOiJIUzUxMiJ9.eyJzdWIiOiJjN2NmMWU3ZC01NjgzLTRiYmEtYTc0OS1mNzFmNjgyZGRjZTIiLCJpc3MiOiJBZ2lsZSBJZGVudGl0eSBTZXJ2aWNlIiwiZXhwIjoxNjY0ODE3NTk5LCJpYXQiOjE2NjQ4MTcxNzksImp0aSI6IjVhMzdmZDQ2LTE5YmMtNGY0Mi1hZjZmLThlYTQ2YTJjNDZkZSJ9.bwsFkkQeZUtgrZ8wImnQb_mBszoHn0keRMzvN-kHF7brWACilnFFwS_WwAAU9GaJbPfcxHw9_YlC1XDiCb1N0Q, connection=PooledConnection{channel=[id: 0x1f19a60f, L:/127.0.0.1:44916 - R:localhost/127.0.0.1:49166]}}, [request_prepared])
00:12:59.321 [reactor-http-epoll-2] DEBUG reactor.netty.resources.DefaultPooledConnectionProvider - [1f19a60f-6, L:/127.0.0.1:44916 - R:localhost/127.0.0.1:49166] onStateChange(GET{uri=/api/auth/refresh?refreshToken=eyJ0eXAiOiJKV1QiLCJhbGciOiJIUzUxMiJ9.eyJzdWIiOiJjN2NmMWU3ZC01NjgzLTRiYmEtYTc0OS1mNzFmNjgyZGRjZTIiLCJpc3MiOiJBZ2lsZSBJZGVudGl0eSBTZXJ2aWNlIiwiZXhwIjoxNjY0ODE3NTk5LCJpYXQiOjE2NjQ4MTcxNzksImp0aSI6IjVhMzdmZDQ2LTE5YmMtNGY0Mi1hZjZmLThlYTQ2YTJjNDZkZSJ9.bwsFkkQeZUtgrZ8wImnQb_mBszoHn0keRMzvN-kHF7brWACilnFFwS_WwAAU9GaJbPfcxHw9_YlC1XDiCb1N0Q, connection=PooledConnection{channel=[id: 0x1f19a60f, L:/127.0.0.1:44916 - R:localhost/127.0.0.1:49166]}}, [request_sent])
00:12:59.327 [reactor-http-epoll-2] DEBUG reactor.netty.http.client.HttpClientOperations - [1f19a60f-6, L:/127.0.0.1:44916 - R:localhost/127.0.0.1:49166] Received response (auto-read:false) : [Vary=Origin, Vary=Access-Control-Request-Method, Vary=Access-Control-Request-Headers, Content-Type=application/json, Cache-Control=no-cache, no-store, max-age=0, must-revalidate, Pragma=no-cache, Expires=0, X-Content-Type-Options=nosniff, X-Frame-Options=DENY, X-XSS-Protection=1 ; mode=block, Referrer-Policy=no-referrer, content-length=0]
00:12:59.327 [reactor-http-epoll-2] DEBUG reactor.netty.resources.DefaultPooledConnectionProvider - [1f19a60f-6, L:/127.0.0.1:44916 - R:localhost/127.0.0.1:49166] onStateChange(GET{uri=/api/auth/refresh?refreshToken=eyJ0eXAiOiJKV1QiLCJhbGciOiJIUzUxMiJ9.eyJzdWIiOiJjN2NmMWU3ZC01NjgzLTRiYmEtYTc0OS1mNzFmNjgyZGRjZTIiLCJpc3MiOiJBZ2lsZSBJZGVudGl0eSBTZXJ2aWNlIiwiZXhwIjoxNjY0ODE3NTk5LCJpYXQiOjE2NjQ4MTcxNzksImp0aSI6IjVhMzdmZDQ2LTE5YmMtNGY0Mi1hZjZmLThlYTQ2YTJjNDZkZSJ9.bwsFkkQeZUtgrZ8wImnQb_mBszoHn0keRMzvN-kHF7brWACilnFFwS_WwAAU9GaJbPfcxHw9_YlC1XDiCb1N0Q, connection=PooledConnection{channel=[id: 0x1f19a60f, L:/127.0.0.1:44916 - R:localhost/127.0.0.1:49166]}}, [response_received])
00:12:59.327 [reactor-http-epoll-2] DEBUG org.springframework.web.reactive.function.client.ExchangeFunctions - [32ec9c90] [1f19a60f-6, L:/127.0.0.1:44916 - R:localhost/127.0.0.1:49166] Response 200 OK
00:12:59.327 [reactor-http-epoll-2] DEBUG reactor.netty.http.client.HttpClientOperations - [1f19a60f-6, L:/127.0.0.1:44916 - R:localhost/127.0.0.1:49166] Received last HTTP packet
00:12:59.327 [reactor-http-epoll-2] DEBUG reactor.netty.resources.DefaultPooledConnectionProvider - [1f19a60f, L:/127.0.0.1:44916 - R:localhost/127.0.0.1:49166] onStateChange(GET{uri=/api/auth/refresh?refreshToken=eyJ0eXAiOiJKV1QiLCJhbGciOiJIUzUxMiJ9.eyJzdWIiOiJjN2NmMWU3ZC01NjgzLTRiYmEtYTc0OS1mNzFmNjgyZGRjZTIiLCJpc3MiOiJBZ2lsZSBJZGVudGl0eSBTZXJ2aWNlIiwiZXhwIjoxNjY0ODE3NTk5LCJpYXQiOjE2NjQ4MTcxNzksImp0aSI6IjVhMzdmZDQ2LTE5YmMtNGY0Mi1hZjZmLThlYTQ2YTJjNDZkZSJ9.bwsFkkQeZUtgrZ8wImnQb_mBszoHn0keRMzvN-kHF7brWACilnFFwS_WwAAU9GaJbPfcxHw9_YlC1XDiCb1N0Q, connection=PooledConnection{channel=[id: 0x1f19a60f, L:/127.0.0.1:44916 - R:localhost/127.0.0.1:49166]}}, [response_completed])
00:12:59.327 [reactor-http-epoll-2] DEBUG reactor.netty.resources.DefaultPooledConnectionProvider - [1f19a60f, L:/127.0.0.1:44916 - R:localhost/127.0.0.1:49166] onStateChange(GET{uri=/api/auth/refresh?refreshToken=eyJ0eXAiOiJKV1QiLCJhbGciOiJIUzUxMiJ9.eyJzdWIiOiJjN2NmMWU3ZC01NjgzLTRiYmEtYTc0OS1mNzFmNjgyZGRjZTIiLCJpc3MiOiJBZ2lsZSBJZGVudGl0eSBTZXJ2aWNlIiwiZXhwIjoxNjY0ODE3NTk5LCJpYXQiOjE2NjQ4MTcxNzksImp0aSI6IjVhMzdmZDQ2LTE5YmMtNGY0Mi1hZjZmLThlYTQ2YTJjNDZkZSJ9.bwsFkkQeZUtgrZ8wImnQb_mBszoHn0keRMzvN-kHF7brWACilnFFwS_WwAAU9GaJbPfcxHw9_YlC1XDiCb1N0Q, connection=PooledConnection{channel=[id: 0x1f19a60f, L:/127.0.0.1:44916 - R:localhost/127.0.0.1:49166]}}, [disconnecting])
00:12:59.327 [reactor-http-epoll-2] DEBUG reactor.netty.resources.DefaultPooledConnectionProvider - [1f19a60f, L:/127.0.0.1:44916 - R:localhost/127.0.0.1:49166] Releasing channel
00:12:59.327 [reactor-http-epoll-2] DEBUG reactor.netty.resources.PooledConnectionProvider - [1f19a60f, L:/127.0.0.1:44916 - R:localhost/127.0.0.1:49166] Channel cleaned, now: 0 active connections, 1 inactive connections and 0 pending acquire requests.
00:12:59.330 [reactor-http-epoll-2] DEBUG reactor.netty.channel.FluxReceive - [1f19a60f, L:/127.0.0.1:44916 - R:localhost/127.0.0.1:49166] FluxReceive{pending=0, cancelled=false, inboundDone=true, inboundError=null}: subscribing inbound receiver
]]></system-out>
  </testcase>
  <testcase name="whenRefreshAgain_thenExpectSessionNotFoundError" classname="com.trello.clone.integration.AlmendeServiceIT$NestedRefreshSessionST" time="0.511">
    <failure message="Status expected:&lt;401 UNAUTHORIZED&gt; but was:&lt;404 NOT_FOUND&gt;" type="java.lang.AssertionError"><![CDATA[java.lang.AssertionError: Status expected:<401 UNAUTHORIZED> but was:<404 NOT_FOUND>
]]></failure>
    <system-out><![CDATA[00:12:59.373 [main] DEBUG org.springframework.web.reactive.function.client.ExchangeFunctions - [73613ae5] HTTP GET http://localhost:49166/api/authenticate/v1/refresh?refreshToken=eyJ0eXAiOiJKV1QiLCJhbGciOiJIUzUxMiJ9.eyJzdWIiOiJjN2NmMWU3ZC01NjgzLTRiYmEtYTc0OS1mNzFmNjgyZGRjZTIiLCJpc3MiOiJBZ2lsZSBJZGVudGl0eSBTZXJ2aWNlIiwiZXhwIjoxNjY0ODE3NTk5LCJpYXQiOjE2NjQ4MTcxNzksImp0aSI6IjVhMzdmZDQ2LTE5YmMtNGY0Mi1hZjZmLThlYTQ2YTJjNDZkZSJ9.bwsFkkQeZUtgrZ8wImnQb_mBszoHn0keRMzvN-kHF7brWACilnFFwS_WwAAU9GaJbPfcxHw9_YlC1XDiCb1N0Q
00:12:59.374 [reactor-http-epoll-2] DEBUG reactor.netty.resources.PooledConnectionProvider - [1f19a60f, L:/127.0.0.1:44916 - R:localhost/127.0.0.1:49166] Channel acquired, now: 1 active connections, 0 inactive connections and 0 pending acquire requests.
00:12:59.374 [reactor-http-epoll-2] DEBUG reactor.netty.http.client.HttpClientConnect - [1f19a60f-7, L:/127.0.0.1:44916 - R:localhost/127.0.0.1:49166] Handler is being applied: {uri=http://localhost:49166/api/authenticate/v1/refresh?refreshToken=eyJ0eXAiOiJKV1QiLCJhbGciOiJIUzUxMiJ9.eyJzdWIiOiJjN2NmMWU3ZC01NjgzLTRiYmEtYTc0OS1mNzFmNjgyZGRjZTIiLCJpc3MiOiJBZ2lsZSBJZGVudGl0eSBTZXJ2aWNlIiwiZXhwIjoxNjY0ODE3NTk5LCJpYXQiOjE2NjQ4MTcxNzksImp0aSI6IjVhMzdmZDQ2LTE5YmMtNGY0Mi1hZjZmLThlYTQ2YTJjNDZkZSJ9.bwsFkkQeZUtgrZ8wImnQb_mBszoHn0keRMzvN-kHF7brWACilnFFwS_WwAAU9GaJbPfcxHw9_YlC1XDiCb1N0Q, method=GET}
00:12:59.375 [reactor-http-epoll-2] DEBUG reactor.netty.resources.DefaultPooledConnectionProvider - [1f19a60f-7, L:/127.0.0.1:44916 - R:localhost/127.0.0.1:49166] onStateChange(GET{uri=/api/authenticate/v1/refresh?refreshToken=eyJ0eXAiOiJKV1QiLCJhbGciOiJIUzUxMiJ9.eyJzdWIiOiJjN2NmMWU3ZC01NjgzLTRiYmEtYTc0OS1mNzFmNjgyZGRjZTIiLCJpc3MiOiJBZ2lsZSBJZGVudGl0eSBTZXJ2aWNlIiwiZXhwIjoxNjY0ODE3NTk5LCJpYXQiOjE2NjQ4MTcxNzksImp0aSI6IjVhMzdmZDQ2LTE5YmMtNGY0Mi1hZjZmLThlYTQ2YTJjNDZkZSJ9.bwsFkkQeZUtgrZ8wImnQb_mBszoHn0keRMzvN-kHF7brWACilnFFwS_WwAAU9GaJbPfcxHw9_YlC1XDiCb1N0Q, connection=PooledConnection{channel=[id: 0x1f19a60f, L:/127.0.0.1:44916 - R:localhost/127.0.0.1:49166]}}, [request_prepared])
00:12:59.378 [reactor-http-epoll-2] DEBUG reactor.netty.resources.DefaultPooledConnectionProvider - [1f19a60f-7, L:/127.0.0.1:44916 - R:localhost/127.0.0.1:49166] onStateChange(GET{uri=/api/authenticate/v1/refresh?refreshToken=eyJ0eXAiOiJKV1QiLCJhbGciOiJIUzUxMiJ9.eyJzdWIiOiJjN2NmMWU3ZC01NjgzLTRiYmEtYTc0OS1mNzFmNjgyZGRjZTIiLCJpc3MiOiJBZ2lsZSBJZGVudGl0eSBTZXJ2aWNlIiwiZXhwIjoxNjY0ODE3NTk5LCJpYXQiOjE2NjQ4MTcxNzksImp0aSI6IjVhMzdmZDQ2LTE5YmMtNGY0Mi1hZjZmLThlYTQ2YTJjNDZkZSJ9.bwsFkkQeZUtgrZ8wImnQb_mBszoHn0keRMzvN-kHF7brWACilnFFwS_WwAAU9GaJbPfcxHw9_YlC1XDiCb1N0Q, connection=PooledConnection{channel=[id: 0x1f19a60f, L:/127.0.0.1:44916 - R:localhost/127.0.0.1:49166]}}, [request_sent])
00:12:59.437 [reactor-http-epoll-2] DEBUG reactor.netty.http.client.HttpClientOperations - [1f19a60f-7, L:/127.0.0.1:44916 - R:localhost/127.0.0.1:49166] Received response (auto-read:false) : [Content-Type=application/json, Cache-Control=no-cache, no-store, max-age=0, must-revalidate, Pragma=no-cache, Expires=0, X-Content-Type-Options=nosniff, X-Frame-Options=DENY, X-XSS-Protection=1 ; mode=block, Referrer-Policy=no-referrer, content-length=123]
00:12:59.437 [reactor-http-epoll-2] DEBUG reactor.netty.resources.DefaultPooledConnectionProvider - [1f19a60f-7, L:/127.0.0.1:44916 - R:localhost/127.0.0.1:49166] onStateChange(GET{uri=/api/authenticate/v1/refresh?refreshToken=eyJ0eXAiOiJKV1QiLCJhbGciOiJIUzUxMiJ9.eyJzdWIiOiJjN2NmMWU3ZC01NjgzLTRiYmEtYTc0OS1mNzFmNjgyZGRjZTIiLCJpc3MiOiJBZ2lsZSBJZGVudGl0eSBTZXJ2aWNlIiwiZXhwIjoxNjY0ODE3NTk5LCJpYXQiOjE2NjQ4MTcxNzksImp0aSI6IjVhMzdmZDQ2LTE5YmMtNGY0Mi1hZjZmLThlYTQ2YTJjNDZkZSJ9.bwsFkkQeZUtgrZ8wImnQb_mBszoHn0keRMzvN-kHF7brWACilnFFwS_WwAAU9GaJbPfcxHw9_YlC1XDiCb1N0Q, connection=PooledConnection{channel=[id: 0x1f19a60f, L:/127.0.0.1:44916 - R:localhost/127.0.0.1:49166]}}, [response_received])
00:12:59.438 [reactor-http-epoll-2] DEBUG org.springframework.web.reactive.function.client.ExchangeFunctions - [73613ae5] [1f19a60f-7, L:/127.0.0.1:44916 - R:localhost/127.0.0.1:49166] Response 404 NOT_FOUND
00:12:59.438 [reactor-http-epoll-2] DEBUG reactor.netty.http.client.HttpClientOperations - [1f19a60f-7, L:/127.0.0.1:44916 - R:localhost/127.0.0.1:49166] Received last HTTP packet
00:12:59.438 [reactor-http-epoll-2] DEBUG reactor.netty.resources.DefaultPooledConnectionProvider - [1f19a60f, L:/127.0.0.1:44916 - R:localhost/127.0.0.1:49166] onStateChange(GET{uri=/api/authenticate/v1/refresh?refreshToken=eyJ0eXAiOiJKV1QiLCJhbGciOiJIUzUxMiJ9.eyJzdWIiOiJjN2NmMWU3ZC01NjgzLTRiYmEtYTc0OS1mNzFmNjgyZGRjZTIiLCJpc3MiOiJBZ2lsZSBJZGVudGl0eSBTZXJ2aWNlIiwiZXhwIjoxNjY0ODE3NTk5LCJpYXQiOjE2NjQ4MTcxNzksImp0aSI6IjVhMzdmZDQ2LTE5YmMtNGY0Mi1hZjZmLThlYTQ2YTJjNDZkZSJ9.bwsFkkQeZUtgrZ8wImnQb_mBszoHn0keRMzvN-kHF7brWACilnFFwS_WwAAU9GaJbPfcxHw9_YlC1XDiCb1N0Q, connection=PooledConnection{channel=[id: 0x1f19a60f, L:/127.0.0.1:44916 - R:localhost/127.0.0.1:49166]}}, [response_completed])
00:12:59.438 [reactor-http-epoll-2] DEBUG reactor.netty.resources.DefaultPooledConnectionProvider - [1f19a60f, L:/127.0.0.1:44916 - R:localhost/127.0.0.1:49166] onStateChange(GET{uri=/api/authenticate/v1/refresh?refreshToken=eyJ0eXAiOiJKV1QiLCJhbGciOiJIUzUxMiJ9.eyJzdWIiOiJjN2NmMWU3ZC01NjgzLTRiYmEtYTc0OS1mNzFmNjgyZGRjZTIiLCJpc3MiOiJBZ2lsZSBJZGVudGl0eSBTZXJ2aWNlIiwiZXhwIjoxNjY0ODE3NTk5LCJpYXQiOjE2NjQ4MTcxNzksImp0aSI6IjVhMzdmZDQ2LTE5YmMtNGY0Mi1hZjZmLThlYTQ2YTJjNDZkZSJ9.bwsFkkQeZUtgrZ8wImnQb_mBszoHn0keRMzvN-kHF7brWACilnFFwS_WwAAU9GaJbPfcxHw9_YlC1XDiCb1N0Q, connection=PooledConnection{channel=[id: 0x1f19a60f, L:/127.0.0.1:44916 - R:localhost/127.0.0.1:49166]}}, [disconnecting])
00:12:59.438 [reactor-http-epoll-2] DEBUG reactor.netty.resources.DefaultPooledConnectionProvider - [1f19a60f, L:/127.0.0.1:44916 - R:localhost/127.0.0.1:49166] Releasing channel
00:12:59.438 [reactor-http-epoll-2] DEBUG reactor.netty.resources.PooledConnectionProvider - [1f19a60f, L:/127.0.0.1:44916 - R:localhost/127.0.0.1:49166] Channel cleaned, now: 0 active connections, 1 inactive connections and 0 pending acquire requests.
00:12:59.445 [reactor-http-epoll-2] DEBUG reactor.netty.channel.FluxReceive - [1f19a60f, L:/127.0.0.1:44916 - R:localhost/127.0.0.1:49166] FluxReceive{pending=1, cancelled=false, inboundDone=true, inboundError=null}: subscribing inbound receiver
00:12:59.446 [main] ERROR org.springframework.test.web.reactive.server.ExchangeResult - Request details for assertion failure:

> GET http://localhost:49166/api/authenticate/v1/refresh?refreshToken=eyJ0eXAiOiJKV1QiLCJhbGciOiJIUzUxMiJ9.eyJzdWIiOiJjN2NmMWU3ZC01NjgzLTRiYmEtYTc0OS1mNzFmNjgyZGRjZTIiLCJpc3MiOiJBZ2lsZSBJZGVudGl0eSBTZXJ2aWNlIiwiZXhwIjoxNjY0ODE3NTk5LCJpYXQiOjE2NjQ4MTcxNzksImp0aSI6IjVhMzdmZDQ2LTE5YmMtNGY0Mi1hZjZmLThlYTQ2YTJjNDZkZSJ9.bwsFkkQeZUtgrZ8wImnQb_mBszoHn0keRMzvN-kHF7brWACilnFFwS_WwAAU9GaJbPfcxHw9_YlC1XDiCb1N0Q
> accept-encoding: [gzip]
> user-agent: [ReactorNetty/1.0.20]
> host: [localhost:49166]
> Content-Type: [application/json]
> Accept: [application/json]
> WebTestClient-Request-Id: [3]

No content

< 404 NOT_FOUND Not Found
< Content-Type: [application/json]
< Cache-Control: [no-cache, no-store, max-age=0, must-revalidate]
< Pragma: [no-cache]
< Expires: [0]
< X-Content-Type-Options: [nosniff]
< X-Frame-Options: [DENY]
< X-XSS-Protection: [1 ; mode=block]
< Referrer-Policy: [no-referrer]
< content-length: [123]

{"timestamp":1664817179410,"path":"/api/authenticate/v1/refresh","status":404,"error":"Not Found","requestId":"5713a9ab-7"}

]]></system-out>
  </testcase>
  <testcase name="whenLoginWithInvalidPassword_thenExpectError" classname="com.trello.clone.integration.AlmendeServiceIT$NestedExistingUserST" time="1.214">
    <failure message="Status expected:&lt;400 BAD_REQUEST&gt; but was:&lt;404 NOT_FOUND&gt;" type="java.lang.AssertionError"><![CDATA[java.lang.AssertionError: Status expected:<400 BAD_REQUEST> but was:<404 NOT_FOUND>
]]></failure>
    <system-out><![CDATA[00:12:59.450 [main] DEBUG org.springframework.web.reactive.function.client.ExchangeFunctions - [9dada78] HTTP POST http://localhost:49166/api/auth/login
00:12:59.451 [reactor-http-epoll-2] DEBUG reactor.netty.resources.PooledConnectionProvider - [1f19a60f, L:/127.0.0.1:44916 - R:localhost/127.0.0.1:49166] Channel acquired, now: 1 active connections, 0 inactive connections and 0 pending acquire requests.
00:12:59.451 [reactor-http-epoll-2] DEBUG reactor.netty.http.client.HttpClientConnect - [1f19a60f-8, L:/127.0.0.1:44916 - R:localhost/127.0.0.1:49166] Handler is being applied: {uri=http://localhost:49166/api/auth/login, method=POST}
00:12:59.451 [reactor-http-epoll-2] DEBUG reactor.netty.resources.DefaultPooledConnectionProvider - [1f19a60f-8, L:/127.0.0.1:44916 - R:localhost/127.0.0.1:49166] onStateChange(POST{uri=/api/auth/login, connection=PooledConnection{channel=[id: 0x1f19a60f, L:/127.0.0.1:44916 - R:localhost/127.0.0.1:49166]}}, [request_prepared])
00:12:59.452 [reactor-http-epoll-2] DEBUG org.springframework.http.codec.json.Jackson2JsonEncoder - [9dada78] Encoding [LoginPayload[username=, email=juniar@almende.org, password=qwdsfa123]]
00:12:59.454 [reactor-http-epoll-2] DEBUG reactor.netty.resources.DefaultPooledConnectionProvider - [1f19a60f-8, L:/127.0.0.1:44916 - R:localhost/127.0.0.1:49166] onStateChange(POST{uri=/api/auth/login, connection=PooledConnection{channel=[id: 0x1f19a60f, L:/127.0.0.1:44916 - R:localhost/127.0.0.1:49166]}}, [request_sent])
00:12:59.472 [reactor-http-epoll-2] DEBUG reactor.netty.http.client.HttpClientOperations - [1f19a60f-8, L:/127.0.0.1:44916 - R:localhost/127.0.0.1:49166] Received response (auto-read:false) : [Vary=Origin, Vary=Access-Control-Request-Method, Vary=Access-Control-Request-Headers, Content-Type=application/json, Cache-Control=no-cache, no-store, max-age=0, must-revalidate, Pragma=no-cache, Expires=0, X-Content-Type-Options=nosniff, X-Frame-Options=DENY, X-XSS-Protection=1 ; mode=block, Referrer-Policy=no-referrer, content-length=162]
00:12:59.472 [reactor-http-epoll-2] DEBUG reactor.netty.resources.DefaultPooledConnectionProvider - [1f19a60f-8, L:/127.0.0.1:44916 - R:localhost/127.0.0.1:49166] onStateChange(POST{uri=/api/auth/login, connection=PooledConnection{channel=[id: 0x1f19a60f, L:/127.0.0.1:44916 - R:localhost/127.0.0.1:49166]}}, [response_received])
00:12:59.472 [reactor-http-epoll-2] DEBUG org.springframework.web.reactive.function.client.ExchangeFunctions - [9dada78] [1f19a60f-8, L:/127.0.0.1:44916 - R:localhost/127.0.0.1:49166] Response 404 NOT_FOUND
00:12:59.472 [reactor-http-epoll-2] DEBUG reactor.netty.http.client.HttpClientOperations - [1f19a60f-8, L:/127.0.0.1:44916 - R:localhost/127.0.0.1:49166] Received last HTTP packet
00:12:59.472 [reactor-http-epoll-2] DEBUG reactor.netty.resources.DefaultPooledConnectionProvider - [1f19a60f, L:/127.0.0.1:44916 - R:localhost/127.0.0.1:49166] onStateChange(POST{uri=/api/auth/login, connection=PooledConnection{channel=[id: 0x1f19a60f, L:/127.0.0.1:44916 - R:localhost/127.0.0.1:49166]}}, [response_completed])
00:12:59.472 [reactor-http-epoll-2] DEBUG reactor.netty.resources.DefaultPooledConnectionProvider - [1f19a60f, L:/127.0.0.1:44916 - R:localhost/127.0.0.1:49166] onStateChange(POST{uri=/api/auth/login, connection=PooledConnection{channel=[id: 0x1f19a60f, L:/127.0.0.1:44916 - R:localhost/127.0.0.1:49166]}}, [disconnecting])
00:12:59.472 [reactor-http-epoll-2] DEBUG reactor.netty.resources.DefaultPooledConnectionProvider - [1f19a60f, L:/127.0.0.1:44916 - R:localhost/127.0.0.1:49166] Releasing channel
00:12:59.472 [reactor-http-epoll-2] DEBUG reactor.netty.resources.PooledConnectionProvider - [1f19a60f, L:/127.0.0.1:44916 - R:localhost/127.0.0.1:49166] Channel cleaned, now: 0 active connections, 1 inactive connections and 0 pending acquire requests.
00:12:59.473 [reactor-http-epoll-2] DEBUG reactor.netty.channel.FluxReceive - [1f19a60f, L:/127.0.0.1:44916 - R:localhost/127.0.0.1:49166] FluxReceive{pending=1, cancelled=false, inboundDone=true, inboundError=null}: subscribing inbound receiver
00:12:59.473 [main] ERROR org.springframework.test.web.reactive.server.ExchangeResult - Request details for assertion failure:

> POST http://localhost:49166/api/auth/login
> accept-encoding: [gzip]
> user-agent: [ReactorNetty/1.0.20]
> host: [localhost:49166]
> Content-Type: [application/json]
> Accept: [application/json]
> WebTestClient-Request-Id: [1]
> Content-Length: [67]

{"username":"","email":"juniar@almende.org","password":"qwdsfa123"}

< 404 NOT_FOUND Not Found
< Vary: [Origin, Access-Control-Request-Method, Access-Control-Request-Headers]
< Content-Type: [application/json]
< Cache-Control: [no-cache, no-store, max-age=0, must-revalidate]
< Pragma: [no-cache]
< Expires: [0]
< X-Content-Type-Options: [nosniff]
< X-Frame-Options: [DENY]
< X-XSS-Protection: [1 ; mode=block]
< Referrer-Policy: [no-referrer]
< content-length: [162]

{"status":404,"message":"com.trello.clone.identity.password.invalid","path":"/api/auth/login","timestamp":1664817179468,"stackTrace":null,"validationErrors":null}

]]></system-out>
  </testcase>
  <testcase name="whenLoginWithValidUsernamePassword_thenExpectNewTokenPair" classname="com.trello.clone.integration.AlmendeServiceIT$NestedExistingUserST" time="0.009">
    <failure message="Status expected:&lt;200 OK&gt; but was:&lt;409 CONFLICT&gt;" type="java.lang.AssertionError"><![CDATA[java.lang.AssertionError: Status expected:<200 OK> but was:<409 CONFLICT>
]]></failure>
    <system-out><![CDATA[00:12:59.477 [main] DEBUG org.springframework.web.reactive.function.client.ExchangeFunctions - [57efc6fd] HTTP POST http://localhost:49166/api/auth/login
00:12:59.477 [reactor-http-epoll-2] DEBUG reactor.netty.resources.PooledConnectionProvider - [1f19a60f, L:/127.0.0.1:44916 - R:localhost/127.0.0.1:49166] Channel acquired, now: 1 active connections, 0 inactive connections and 0 pending acquire requests.
00:12:59.477 [reactor-http-epoll-2] DEBUG reactor.netty.http.client.HttpClientConnect - [1f19a60f-9, L:/127.0.0.1:44916 - R:localhost/127.0.0.1:49166] Handler is being applied: {uri=http://localhost:49166/api/auth/login, method=POST}
00:12:59.478 [reactor-http-epoll-2] DEBUG reactor.netty.resources.DefaultPooledConnectionProvider - [1f19a60f-9, L:/127.0.0.1:44916 - R:localhost/127.0.0.1:49166] onStateChange(POST{uri=/api/auth/login, connection=PooledConnection{channel=[id: 0x1f19a60f, L:/127.0.0.1:44916 - R:localhost/127.0.0.1:49166]}}, [request_prepared])
00:12:59.478 [reactor-http-epoll-2] DEBUG org.springframework.http.codec.json.Jackson2JsonEncoder - [57efc6fd] Encoding [LoginPayload[username=, email=juniar@almende.org, password=qwerty123]]
00:12:59.479 [reactor-http-epoll-2] DEBUG reactor.netty.resources.DefaultPooledConnectionProvider - [1f19a60f-9, L:/127.0.0.1:44916 - R:localhost/127.0.0.1:49166] onStateChange(POST{uri=/api/auth/login, connection=PooledConnection{channel=[id: 0x1f19a60f, L:/127.0.0.1:44916 - R:localhost/127.0.0.1:49166]}}, [request_sent])
00:12:59.532 [reactor-http-epoll-2] DEBUG reactor.netty.http.client.HttpClientOperations - [1f19a60f-9, L:/127.0.0.1:44916 - R:localhost/127.0.0.1:49166] Received response (auto-read:false) : [Vary=Origin, Vary=Access-Control-Request-Method, Vary=Access-Control-Request-Headers, Content-Type=application/json, Cache-Control=no-cache, no-store, max-age=0, must-revalidate, Pragma=no-cache, Expires=0, X-Content-Type-Options=nosniff, X-Frame-Options=DENY, X-XSS-Protection=1 ; mode=block, Referrer-Policy=no-referrer, content-length=160]
00:12:59.532 [reactor-http-epoll-2] DEBUG reactor.netty.resources.DefaultPooledConnectionProvider - [1f19a60f-9, L:/127.0.0.1:44916 - R:localhost/127.0.0.1:49166] onStateChange(POST{uri=/api/auth/login, connection=PooledConnection{channel=[id: 0x1f19a60f, L:/127.0.0.1:44916 - R:localhost/127.0.0.1:49166]}}, [response_received])
00:12:59.532 [reactor-http-epoll-2] DEBUG org.springframework.web.reactive.function.client.ExchangeFunctions - [57efc6fd] [1f19a60f-9, L:/127.0.0.1:44916 - R:localhost/127.0.0.1:49166] Response 409 CONFLICT
00:12:59.532 [reactor-http-epoll-2] DEBUG reactor.netty.http.client.HttpClientOperations - [1f19a60f-9, L:/127.0.0.1:44916 - R:localhost/127.0.0.1:49166] Received last HTTP packet
00:12:59.532 [reactor-http-epoll-2] DEBUG reactor.netty.resources.DefaultPooledConnectionProvider - [1f19a60f, L:/127.0.0.1:44916 - R:localhost/127.0.0.1:49166] onStateChange(POST{uri=/api/auth/login, connection=PooledConnection{channel=[id: 0x1f19a60f, L:/127.0.0.1:44916 - R:localhost/127.0.0.1:49166]}}, [response_completed])
00:12:59.532 [reactor-http-epoll-2] DEBUG reactor.netty.resources.DefaultPooledConnectionProvider - [1f19a60f, L:/127.0.0.1:44916 - R:localhost/127.0.0.1:49166] onStateChange(POST{uri=/api/auth/login, connection=PooledConnection{channel=[id: 0x1f19a60f, L:/127.0.0.1:44916 - R:localhost/127.0.0.1:49166]}}, [disconnecting])
00:12:59.532 [reactor-http-epoll-2] DEBUG reactor.netty.resources.DefaultPooledConnectionProvider - [1f19a60f, L:/127.0.0.1:44916 - R:localhost/127.0.0.1:49166] Releasing channel
00:12:59.533 [reactor-http-epoll-2] DEBUG reactor.netty.resources.PooledConnectionProvider - [1f19a60f, L:/127.0.0.1:44916 - R:localhost/127.0.0.1:49166] Channel cleaned, now: 0 active connections, 1 inactive connections and 0 pending acquire requests.
00:12:59.533 [reactor-http-epoll-2] DEBUG reactor.netty.channel.FluxReceive - [1f19a60f, L:/127.0.0.1:44916 - R:localhost/127.0.0.1:49166] FluxReceive{pending=1, cancelled=false, inboundDone=true, inboundError=null}: subscribing inbound receiver
00:12:59.533 [main] ERROR org.springframework.test.web.reactive.server.ExchangeResult - Request details for assertion failure:

> POST http://localhost:49166/api/auth/login
> accept-encoding: [gzip]
> user-agent: [ReactorNetty/1.0.20]
> host: [localhost:49166]
> Content-Type: [application/json]
> Accept: [application/json]
> WebTestClient-Request-Id: [2]
> Content-Length: [67]

{"username":"","email":"juniar@almende.org","password":"qwerty123"}

< 409 CONFLICT Conflict
< Vary: [Origin, Access-Control-Request-Method, Access-Control-Request-Headers]
< Content-Type: [application/json]
< Cache-Control: [no-cache, no-store, max-age=0, must-revalidate]
< Pragma: [no-cache]
< Expires: [0]
< X-Content-Type-Options: [nosniff]
< X-Frame-Options: [DENY]
< X-XSS-Protection: [1 ; mode=block]
< Referrer-Policy: [no-referrer]
< content-length: [160]

{"status":409,"message":"com.trello.clone.identity.session.exists","path":"/api/auth/login","timestamp":1664817179529,"stackTrace":null,"validationErrors":null}

]]></system-out>
  </testcase>
  <testcase name="whenFetchingExistingBoard_thenExpectCorrectResult" classname="com.trello.clone.integration.AlmendeServiceIT$NestedBoardCreationST" time="0.442"/>
  <testcase name="whenCreatingNewBoardWithValidPayload_thenExpectOkStatus" classname="com.trello.clone.integration.AlmendeServiceIT$NestedBoardCreationST" time="0.987">
    <failure message="Status expected:&lt;200 OK&gt; but was:&lt;404 NOT_FOUND&gt;" type="java.lang.AssertionError"><![CDATA[java.lang.AssertionError: Status expected:<200 OK> but was:<404 NOT_FOUND>
]]></failure>
    <system-out><![CDATA[00:12:59.557 [main] DEBUG org.springframework.web.reactive.function.client.ExchangeFunctions - [217c23ce] HTTP POST http://localhost:49166/api/board
00:12:59.558 [reactor-http-epoll-2] DEBUG reactor.netty.resources.PooledConnectionProvider - [1f19a60f, L:/127.0.0.1:44916 - R:localhost/127.0.0.1:49166] Channel acquired, now: 1 active connections, 0 inactive connections and 0 pending acquire requests.
00:12:59.558 [reactor-http-epoll-2] DEBUG reactor.netty.http.client.HttpClientConnect - [1f19a60f-11, L:/127.0.0.1:44916 - R:localhost/127.0.0.1:49166] Handler is being applied: {uri=http://localhost:49166/api/board, method=POST}
00:12:59.558 [reactor-http-epoll-2] DEBUG reactor.netty.resources.DefaultPooledConnectionProvider - [1f19a60f-11, L:/127.0.0.1:44916 - R:localhost/127.0.0.1:49166] onStateChange(POST{uri=/api/board, connection=PooledConnection{channel=[id: 0x1f19a60f, L:/127.0.0.1:44916 - R:localhost/127.0.0.1:49166]}}, [request_prepared])
00:12:59.561 [reactor-http-epoll-2] DEBUG org.springframework.http.codec.json.Jackson2JsonEncoder - [217c23ce] Encoding [NewBoardPayload[boardName=foo]]
00:12:59.563 [reactor-http-epoll-2] DEBUG reactor.netty.resources.DefaultPooledConnectionProvider - [1f19a60f-11, L:/127.0.0.1:44916 - R:localhost/127.0.0.1:49166] onStateChange(POST{uri=/api/board, connection=PooledConnection{channel=[id: 0x1f19a60f, L:/127.0.0.1:44916 - R:localhost/127.0.0.1:49166]}}, [request_sent])
00:12:59.571 [reactor-http-epoll-2] DEBUG reactor.netty.http.client.HttpClientOperations - [1f19a60f-11, L:/127.0.0.1:44916 - R:localhost/127.0.0.1:49166] Received response (auto-read:false) : [Content-Type=application/json, Cache-Control=no-cache, no-store, max-age=0, must-revalidate, Pragma=no-cache, Expires=0, X-Content-Type-Options=nosniff, X-Frame-Options=DENY, X-XSS-Protection=1 ; mode=block, Referrer-Policy=no-referrer, content-length=106]
00:12:59.571 [reactor-http-epoll-2] DEBUG reactor.netty.resources.DefaultPooledConnectionProvider - [1f19a60f-11, L:/127.0.0.1:44916 - R:localhost/127.0.0.1:49166] onStateChange(POST{uri=/api/board, connection=PooledConnection{channel=[id: 0x1f19a60f, L:/127.0.0.1:44916 - R:localhost/127.0.0.1:49166]}}, [response_received])
00:12:59.572 [reactor-http-epoll-2] DEBUG org.springframework.web.reactive.function.client.ExchangeFunctions - [217c23ce] [1f19a60f-11, L:/127.0.0.1:44916 - R:localhost/127.0.0.1:49166] Response 404 NOT_FOUND
00:12:59.572 [reactor-http-epoll-2] DEBUG reactor.netty.http.client.HttpClientOperations - [1f19a60f-11, L:/127.0.0.1:44916 - R:localhost/127.0.0.1:49166] Received last HTTP packet
00:12:59.572 [reactor-http-epoll-2] DEBUG reactor.netty.resources.DefaultPooledConnectionProvider - [1f19a60f, L:/127.0.0.1:44916 - R:localhost/127.0.0.1:49166] onStateChange(POST{uri=/api/board, connection=PooledConnection{channel=[id: 0x1f19a60f, L:/127.0.0.1:44916 - R:localhost/127.0.0.1:49166]}}, [response_completed])
00:12:59.572 [reactor-http-epoll-2] DEBUG reactor.netty.resources.DefaultPooledConnectionProvider - [1f19a60f, L:/127.0.0.1:44916 - R:localhost/127.0.0.1:49166] onStateChange(POST{uri=/api/board, connection=PooledConnection{channel=[id: 0x1f19a60f, L:/127.0.0.1:44916 - R:localhost/127.0.0.1:49166]}}, [disconnecting])
00:12:59.572 [reactor-http-epoll-2] DEBUG reactor.netty.resources.DefaultPooledConnectionProvider - [1f19a60f, L:/127.0.0.1:44916 - R:localhost/127.0.0.1:49166] Releasing channel
00:12:59.572 [reactor-http-epoll-2] DEBUG reactor.netty.resources.PooledConnectionProvider - [1f19a60f, L:/127.0.0.1:44916 - R:localhost/127.0.0.1:49166] Channel cleaned, now: 0 active connections, 1 inactive connections and 0 pending acquire requests.
00:12:59.573 [reactor-http-epoll-2] DEBUG reactor.netty.channel.FluxReceive - [1f19a60f, L:/127.0.0.1:44916 - R:localhost/127.0.0.1:49166] FluxReceive{pending=1, cancelled=false, inboundDone=true, inboundError=null}: subscribing inbound receiver
00:12:59.573 [main] ERROR org.springframework.test.web.reactive.server.ExchangeResult - Request details for assertion failure:

> POST http://localhost:49166/api/board
> accept-encoding: [gzip]
> user-agent: [ReactorNetty/1.0.20]
> host: [localhost:49166]
> Content-Type: [application/json]
> Accept: [application/json]
> WebTestClient-Request-Id: [2]
> Authorization: [Bearer eyJ0eXAiOiJKV1QiLCJhbGciOiJIUzUxMiJ9.eyJzdWIiOiJjN2NmMWU3ZC01NjgzLTRiYmEtYTc0OS1mNzFmNjgyZGRjZTIiLCJpc3MiOiJBZ2lsZSBJZGVudGl0eSBTZXJ2aWNlIiwiZXhwIjoxNjY0ODE4OTc5LCJpYXQiOjE2NjQ4MTcxNzksImp0aSI6IjVhMzdmZDQ2LTE5YmMtNGY0Mi1hZjZmLThlYTQ2YTJjNDZkZSJ9.uWicxVByeMKMimyrv9Qc3SyY7dOrP4nYX1sR4Ky2gXCge4unl7hiXRU8FOs2r1uPap20TDYshnjSVjJIduqLxg]
> Content-Length: [19]

{"boardName":"foo"}

< 404 NOT_FOUND Not Found
< Content-Type: [application/json]
< Cache-Control: [no-cache, no-store, max-age=0, must-revalidate]
< Pragma: [no-cache]
< Expires: [0]
< X-Content-Type-Options: [nosniff]
< X-Frame-Options: [DENY]
< X-XSS-Protection: [1 ; mode=block]
< Referrer-Policy: [no-referrer]
< content-length: [106]

{"timestamp":1664817179566,"path":"/api/board","status":404,"error":"Not Found","requestId":"5713a9ab-11"}

]]></system-out>
  </testcase>
  <testcase name="whenCreatingNewColumnWithValidPayload_thenExpectOkStatus" classname="com.trello.clone.integration.AlmendeServiceIT$NestedColumnCreateST" time="0.012">
    <failure message="Status expected:&lt;200 OK&gt; but was:&lt;404 NOT_FOUND&gt;" type="java.lang.AssertionError"><![CDATA[java.lang.AssertionError: Status expected:<200 OK> but was:<404 NOT_FOUND>
]]></failure>
    <system-out><![CDATA[00:12:59.578 [main] DEBUG org.springframework.web.reactive.function.client.ExchangeFunctions - [1200458e] HTTP POST http://localhost:49166/api/column
00:12:59.579 [reactor-http-epoll-2] DEBUG reactor.netty.resources.PooledConnectionProvider - [1f19a60f, L:/127.0.0.1:44916 - R:localhost/127.0.0.1:49166] Channel acquired, now: 1 active connections, 0 inactive connections and 0 pending acquire requests.
00:12:59.579 [reactor-http-epoll-2] DEBUG reactor.netty.http.client.HttpClientConnect - [1f19a60f-12, L:/127.0.0.1:44916 - R:localhost/127.0.0.1:49166] Handler is being applied: {uri=http://localhost:49166/api/column, method=POST}
00:12:59.579 [reactor-http-epoll-2] DEBUG reactor.netty.resources.DefaultPooledConnectionProvider - [1f19a60f-12, L:/127.0.0.1:44916 - R:localhost/127.0.0.1:49166] onStateChange(POST{uri=/api/column, connection=PooledConnection{channel=[id: 0x1f19a60f, L:/127.0.0.1:44916 - R:localhost/127.0.0.1:49166]}}, [request_prepared])
00:12:59.581 [reactor-http-epoll-2] DEBUG org.springframework.http.codec.json.Jackson2JsonEncoder - [1200458e] Encoding [NewColumnPayload[boardName=foo, columnName=bar]]
00:12:59.583 [reactor-http-epoll-2] DEBUG reactor.netty.resources.DefaultPooledConnectionProvider - [1f19a60f-12, L:/127.0.0.1:44916 - R:localhost/127.0.0.1:49166] onStateChange(POST{uri=/api/column, connection=PooledConnection{channel=[id: 0x1f19a60f, L:/127.0.0.1:44916 - R:localhost/127.0.0.1:49166]}}, [request_sent])
00:12:59.620 [reactor-http-epoll-2] DEBUG reactor.netty.http.client.HttpClientOperations - [1f19a60f-12, L:/127.0.0.1:44916 - R:localhost/127.0.0.1:49166] Received response (auto-read:false) : [Content-Type=application/json, Cache-Control=no-cache, no-store, max-age=0, must-revalidate, Pragma=no-cache, Expires=0, X-Content-Type-Options=nosniff, X-Frame-Options=DENY, X-XSS-Protection=1 ; mode=block, Referrer-Policy=no-referrer, content-length=107]
00:12:59.620 [reactor-http-epoll-2] DEBUG reactor.netty.resources.DefaultPooledConnectionProvider - [1f19a60f-12, L:/127.0.0.1:44916 - R:localhost/127.0.0.1:49166] onStateChange(POST{uri=/api/column, connection=PooledConnection{channel=[id: 0x1f19a60f, L:/127.0.0.1:44916 - R:localhost/127.0.0.1:49166]}}, [response_received])
00:12:59.621 [reactor-http-epoll-2] DEBUG org.springframework.web.reactive.function.client.ExchangeFunctions - [1200458e] [1f19a60f-12, L:/127.0.0.1:44916 - R:localhost/127.0.0.1:49166] Response 404 NOT_FOUND
00:12:59.622 [reactor-http-epoll-2] DEBUG reactor.netty.http.client.HttpClientOperations - [1f19a60f-12, L:/127.0.0.1:44916 - R:localhost/127.0.0.1:49166] Received last HTTP packet
00:12:59.622 [reactor-http-epoll-2] DEBUG reactor.netty.resources.DefaultPooledConnectionProvider - [1f19a60f, L:/127.0.0.1:44916 - R:localhost/127.0.0.1:49166] onStateChange(POST{uri=/api/column, connection=PooledConnection{channel=[id: 0x1f19a60f, L:/127.0.0.1:44916 - R:localhost/127.0.0.1:49166]}}, [response_completed])
00:12:59.622 [reactor-http-epoll-2] DEBUG reactor.netty.resources.DefaultPooledConnectionProvider - [1f19a60f, L:/127.0.0.1:44916 - R:localhost/127.0.0.1:49166] onStateChange(POST{uri=/api/column, connection=PooledConnection{channel=[id: 0x1f19a60f, L:/127.0.0.1:44916 - R:localhost/127.0.0.1:49166]}}, [disconnecting])
00:12:59.622 [reactor-http-epoll-2] DEBUG reactor.netty.resources.DefaultPooledConnectionProvider - [1f19a60f, L:/127.0.0.1:44916 - R:localhost/127.0.0.1:49166] Releasing channel
00:12:59.623 [reactor-http-epoll-2] DEBUG reactor.netty.resources.PooledConnectionProvider - [1f19a60f, L:/127.0.0.1:44916 - R:localhost/127.0.0.1:49166] Channel cleaned, now: 0 active connections, 1 inactive connections and 0 pending acquire requests.
00:12:59.623 [reactor-http-epoll-2] DEBUG reactor.netty.channel.FluxReceive - [1f19a60f, L:/127.0.0.1:44916 - R:localhost/127.0.0.1:49166] FluxReceive{pending=1, cancelled=false, inboundDone=true, inboundError=null}: subscribing inbound receiver
00:12:59.623 [main] ERROR org.springframework.test.web.reactive.server.ExchangeResult - Request details for assertion failure:

> POST http://localhost:49166/api/column
> accept-encoding: [gzip]
> user-agent: [ReactorNetty/1.0.20]
> host: [localhost:49166]
> Content-Type: [application/json]
> Accept: [application/json]
> WebTestClient-Request-Id: [1]
> Authorization: [Bearer eyJ0eXAiOiJKV1QiLCJhbGciOiJIUzUxMiJ9.eyJzdWIiOiJjN2NmMWU3ZC01NjgzLTRiYmEtYTc0OS1mNzFmNjgyZGRjZTIiLCJpc3MiOiJBZ2lsZSBJZGVudGl0eSBTZXJ2aWNlIiwiZXhwIjoxNjY0ODE4OTc5LCJpYXQiOjE2NjQ4MTcxNzksImp0aSI6IjVhMzdmZDQ2LTE5YmMtNGY0Mi1hZjZmLThlYTQ2YTJjNDZkZSJ9.uWicxVByeMKMimyrv9Qc3SyY7dOrP4nYX1sR4Ky2gXCge4unl7hiXRU8FOs2r1uPap20TDYshnjSVjJIduqLxg]
> Content-Length: [38]

{"boardName":"foo","columnName":"bar"}

< 404 NOT_FOUND Not Found
< Content-Type: [application/json]
< Cache-Control: [no-cache, no-store, max-age=0, must-revalidate]
< Pragma: [no-cache]
< Expires: [0]
< X-Content-Type-Options: [nosniff]
< X-Frame-Options: [DENY]
< X-XSS-Protection: [1 ; mode=block]
< Referrer-Policy: [no-referrer]
< content-length: [107]

{"timestamp":1664817179615,"path":"/api/column","status":404,"error":"Not Found","requestId":"5713a9ab-12"}

]]></system-out>
  </testcase>
  <testcase name="whenCreatingNewTaskWithValidParams_thenExpectOkStatus" classname="com.trello.clone.integration.AlmendeServiceIT$NestedTaskCreateST" time="0.005">
    <failure message="Status expected:&lt;200 OK&gt; but was:&lt;404 NOT_FOUND&gt;" type="java.lang.AssertionError"><![CDATA[java.lang.AssertionError: Status expected:<200 OK> but was:<404 NOT_FOUND>
]]></failure>
    <system-out><![CDATA[00:12:59.631 [main] DEBUG org.springframework.web.reactive.function.client.ExchangeFunctions - [6dee8ae6] HTTP POST http://localhost:49166/api/task
00:12:59.631 [reactor-http-epoll-2] DEBUG reactor.netty.resources.PooledConnectionProvider - [1f19a60f, L:/127.0.0.1:44916 - R:localhost/127.0.0.1:49166] Channel acquired, now: 1 active connections, 0 inactive connections and 0 pending acquire requests.
00:12:59.632 [reactor-http-epoll-2] DEBUG reactor.netty.http.client.HttpClientConnect - [1f19a60f-13, L:/127.0.0.1:44916 - R:localhost/127.0.0.1:49166] Handler is being applied: {uri=http://localhost:49166/api/task, method=POST}
00:12:59.632 [reactor-http-epoll-2] DEBUG reactor.netty.resources.DefaultPooledConnectionProvider - [1f19a60f-13, L:/127.0.0.1:44916 - R:localhost/127.0.0.1:49166] onStateChange(POST{uri=/api/task, connection=PooledConnection{channel=[id: 0x1f19a60f, L:/127.0.0.1:44916 - R:localhost/127.0.0.1:49166]}}, [request_prepared])
00:12:59.636 [reactor-http-epoll-2] DEBUG org.springframework.http.codec.json.Jackson2JsonEncoder - [6dee8ae6] Encoding [TaskPayload[boardName=foo, columnName=bar, taskName=baz]]
00:12:59.638 [reactor-http-epoll-2] DEBUG reactor.netty.resources.DefaultPooledConnectionProvider - [1f19a60f-13, L:/127.0.0.1:44916 - R:localhost/127.0.0.1:49166] onStateChange(POST{uri=/api/task, connection=PooledConnection{channel=[id: 0x1f19a60f, L:/127.0.0.1:44916 - R:localhost/127.0.0.1:49166]}}, [request_sent])
00:12:59.645 [reactor-http-epoll-2] DEBUG reactor.netty.http.client.HttpClientOperations - [1f19a60f-13, L:/127.0.0.1:44916 - R:localhost/127.0.0.1:49166] Received response (auto-read:false) : [Content-Type=application/json, Cache-Control=no-cache, no-store, max-age=0, must-revalidate, Pragma=no-cache, Expires=0, X-Content-Type-Options=nosniff, X-Frame-Options=DENY, X-XSS-Protection=1 ; mode=block, Referrer-Policy=no-referrer, content-length=105]
00:12:59.645 [reactor-http-epoll-2] DEBUG reactor.netty.resources.DefaultPooledConnectionProvider - [1f19a60f-13, L:/127.0.0.1:44916 - R:localhost/127.0.0.1:49166] onStateChange(POST{uri=/api/task, connection=PooledConnection{channel=[id: 0x1f19a60f, L:/127.0.0.1:44916 - R:localhost/127.0.0.1:49166]}}, [response_received])
00:12:59.646 [reactor-http-epoll-2] DEBUG org.springframework.web.reactive.function.client.ExchangeFunctions - [6dee8ae6] [1f19a60f-13, L:/127.0.0.1:44916 - R:localhost/127.0.0.1:49166] Response 404 NOT_FOUND
00:12:59.646 [reactor-http-epoll-2] DEBUG reactor.netty.http.client.HttpClientOperations - [1f19a60f-13, L:/127.0.0.1:44916 - R:localhost/127.0.0.1:49166] Received last HTTP packet
00:12:59.646 [reactor-http-epoll-2] DEBUG reactor.netty.resources.DefaultPooledConnectionProvider - [1f19a60f, L:/127.0.0.1:44916 - R:localhost/127.0.0.1:49166] onStateChange(POST{uri=/api/task, connection=PooledConnection{channel=[id: 0x1f19a60f, L:/127.0.0.1:44916 - R:localhost/127.0.0.1:49166]}}, [response_completed])
00:12:59.646 [reactor-http-epoll-2] DEBUG reactor.netty.resources.DefaultPooledConnectionProvider - [1f19a60f, L:/127.0.0.1:44916 - R:localhost/127.0.0.1:49166] onStateChange(POST{uri=/api/task, connection=PooledConnection{channel=[id: 0x1f19a60f, L:/127.0.0.1:44916 - R:localhost/127.0.0.1:49166]}}, [disconnecting])
00:12:59.646 [reactor-http-epoll-2] DEBUG reactor.netty.resources.DefaultPooledConnectionProvider - [1f19a60f, L:/127.0.0.1:44916 - R:localhost/127.0.0.1:49166] Releasing channel
00:12:59.646 [reactor-http-epoll-2] DEBUG reactor.netty.resources.PooledConnectionProvider - [1f19a60f, L:/127.0.0.1:44916 - R:localhost/127.0.0.1:49166] Channel cleaned, now: 0 active connections, 1 inactive connections and 0 pending acquire requests.
00:12:59.647 [reactor-http-epoll-2] DEBUG reactor.netty.channel.FluxReceive - [1f19a60f, L:/127.0.0.1:44916 - R:localhost/127.0.0.1:49166] FluxReceive{pending=1, cancelled=false, inboundDone=true, inboundError=null}: subscribing inbound receiver
00:12:59.647 [main] ERROR org.springframework.test.web.reactive.server.ExchangeResult - Request details for assertion failure:

> POST http://localhost:49166/api/task
> accept-encoding: [gzip]
> user-agent: [ReactorNetty/1.0.20]
> host: [localhost:49166]
> Content-Type: [application/json]
> Accept: [application/json]
> WebTestClient-Request-Id: [1]
> Authorization: [Bearer eyJ0eXAiOiJKV1QiLCJhbGciOiJIUzUxMiJ9.eyJzdWIiOiJjN2NmMWU3ZC01NjgzLTRiYmEtYTc0OS1mNzFmNjgyZGRjZTIiLCJpc3MiOiJBZ2lsZSBJZGVudGl0eSBTZXJ2aWNlIiwiZXhwIjoxNjY0ODE4OTc5LCJpYXQiOjE2NjQ4MTcxNzksImp0aSI6IjVhMzdmZDQ2LTE5YmMtNGY0Mi1hZjZmLThlYTQ2YTJjNDZkZSJ9.uWicxVByeMKMimyrv9Qc3SyY7dOrP4nYX1sR4Ky2gXCge4unl7hiXRU8FOs2r1uPap20TDYshnjSVjJIduqLxg]
> Content-Length: [55]

{"boardName":"foo","columnName":"bar","taskName":"baz"}

< 404 NOT_FOUND Not Found
< Content-Type: [application/json]
< Cache-Control: [no-cache, no-store, max-age=0, must-revalidate]
< Pragma: [no-cache]
< Expires: [0]
< X-Content-Type-Options: [nosniff]
< X-Frame-Options: [DENY]
< X-XSS-Protection: [1 ; mode=block]
< Referrer-Policy: [no-referrer]
< content-length: [105]

{"timestamp":1664817179640,"path":"/api/task","status":404,"error":"Not Found","requestId":"5713a9ab-13"}

]]></system-out>
  </testcase>
  <testcase name="whenDeletingTaskWithValidParams_thenExpectOkStatus" classname="com.trello.clone.integration.AlmendeServiceIT$NestedDeleteST" time="0.006">
    <failure message="Status expected:&lt;200 OK&gt; but was:&lt;404 NOT_FOUND&gt;" type="java.lang.AssertionError"><![CDATA[java.lang.AssertionError: Status expected:<200 OK> but was:<404 NOT_FOUND>
]]></failure>
    <system-out><![CDATA[00:12:59.652 [main] DEBUG org.springframework.web.reactive.function.client.ExchangeFunctions - [17229821] HTTP DELETE http://localhost:49166/api/task?board=foo&column=bar&task=baz
00:12:59.653 [reactor-http-epoll-2] DEBUG reactor.netty.resources.PooledConnectionProvider - [1f19a60f, L:/127.0.0.1:44916 - R:localhost/127.0.0.1:49166] Channel acquired, now: 1 active connections, 0 inactive connections and 0 pending acquire requests.
00:12:59.653 [reactor-http-epoll-2] DEBUG reactor.netty.http.client.HttpClientConnect - [1f19a60f-14, L:/127.0.0.1:44916 - R:localhost/127.0.0.1:49166] Handler is being applied: {uri=http://localhost:49166/api/task?board=foo&column=bar&task=baz, method=DELETE}
00:12:59.653 [reactor-http-epoll-2] DEBUG reactor.netty.resources.DefaultPooledConnectionProvider - [1f19a60f-14, L:/127.0.0.1:44916 - R:localhost/127.0.0.1:49166] onStateChange(DELETE{uri=/api/task?board=foo&column=bar&task=baz, connection=PooledConnection{channel=[id: 0x1f19a60f, L:/127.0.0.1:44916 - R:localhost/127.0.0.1:49166]}}, [request_prepared])
00:12:59.654 [reactor-http-epoll-2] DEBUG reactor.netty.resources.DefaultPooledConnectionProvider - [1f19a60f-14, L:/127.0.0.1:44916 - R:localhost/127.0.0.1:49166] onStateChange(DELETE{uri=/api/task?board=foo&column=bar&task=baz, connection=PooledConnection{channel=[id: 0x1f19a60f, L:/127.0.0.1:44916 - R:localhost/127.0.0.1:49166]}}, [request_sent])
00:12:59.702 [reactor-http-epoll-2] DEBUG reactor.netty.http.client.HttpClientOperations - [1f19a60f-14, L:/127.0.0.1:44916 - R:localhost/127.0.0.1:49166] Received response (auto-read:false) : [Content-Type=application/json, Cache-Control=no-cache, no-store, max-age=0, must-revalidate, Pragma=no-cache, Expires=0, X-Content-Type-Options=nosniff, X-Frame-Options=DENY, X-XSS-Protection=1 ; mode=block, Referrer-Policy=no-referrer, content-length=105]
00:12:59.702 [reactor-http-epoll-2] DEBUG reactor.netty.resources.DefaultPooledConnectionProvider - [1f19a60f-14, L:/127.0.0.1:44916 - R:localhost/127.0.0.1:49166] onStateChange(DELETE{uri=/api/task?board=foo&column=bar&task=baz, connection=PooledConnection{channel=[id: 0x1f19a60f, L:/127.0.0.1:44916 - R:localhost/127.0.0.1:49166]}}, [response_received])
00:12:59.702 [reactor-http-epoll-2] DEBUG org.springframework.web.reactive.function.client.ExchangeFunctions - [17229821] [1f19a60f-14, L:/127.0.0.1:44916 - R:localhost/127.0.0.1:49166] Response 404 NOT_FOUND
00:12:59.702 [reactor-http-epoll-2] DEBUG reactor.netty.http.client.HttpClientOperations - [1f19a60f-14, L:/127.0.0.1:44916 - R:localhost/127.0.0.1:49166] Received last HTTP packet
00:12:59.702 [reactor-http-epoll-2] DEBUG reactor.netty.resources.DefaultPooledConnectionProvider - [1f19a60f, L:/127.0.0.1:44916 - R:localhost/127.0.0.1:49166] onStateChange(DELETE{uri=/api/task?board=foo&column=bar&task=baz, connection=PooledConnection{channel=[id: 0x1f19a60f, L:/127.0.0.1:44916 - R:localhost/127.0.0.1:49166]}}, [response_completed])
00:12:59.702 [reactor-http-epoll-2] DEBUG reactor.netty.resources.DefaultPooledConnectionProvider - [1f19a60f, L:/127.0.0.1:44916 - R:localhost/127.0.0.1:49166] onStateChange(DELETE{uri=/api/task?board=foo&column=bar&task=baz, connection=PooledConnection{channel=[id: 0x1f19a60f, L:/127.0.0.1:44916 - R:localhost/127.0.0.1:49166]}}, [disconnecting])
00:12:59.702 [reactor-http-epoll-2] DEBUG reactor.netty.resources.DefaultPooledConnectionProvider - [1f19a60f, L:/127.0.0.1:44916 - R:localhost/127.0.0.1:49166] Releasing channel
00:12:59.702 [reactor-http-epoll-2] DEBUG reactor.netty.resources.PooledConnectionProvider - [1f19a60f, L:/127.0.0.1:44916 - R:localhost/127.0.0.1:49166] Channel cleaned, now: 0 active connections, 1 inactive connections and 0 pending acquire requests.
00:12:59.703 [reactor-http-epoll-2] DEBUG reactor.netty.channel.FluxReceive - [1f19a60f, L:/127.0.0.1:44916 - R:localhost/127.0.0.1:49166] FluxReceive{pending=1, cancelled=false, inboundDone=true, inboundError=null}: subscribing inbound receiver
00:12:59.703 [main] ERROR org.springframework.test.web.reactive.server.ExchangeResult - Request details for assertion failure:

> DELETE http://localhost:49166/api/task?board=foo&column=bar&task=baz
> accept-encoding: [gzip]
> user-agent: [ReactorNetty/1.0.20]
> host: [localhost:49166]
> Content-Type: [application/json]
> Accept: [application/json]
> WebTestClient-Request-Id: [1]
> Authorization: [Bearer eyJ0eXAiOiJKV1QiLCJhbGciOiJIUzUxMiJ9.eyJzdWIiOiJjN2NmMWU3ZC01NjgzLTRiYmEtYTc0OS1mNzFmNjgyZGRjZTIiLCJpc3MiOiJBZ2lsZSBJZGVudGl0eSBTZXJ2aWNlIiwiZXhwIjoxNjY0ODE4OTc5LCJpYXQiOjE2NjQ4MTcxNzksImp0aSI6IjVhMzdmZDQ2LTE5YmMtNGY0Mi1hZjZmLThlYTQ2YTJjNDZkZSJ9.uWicxVByeMKMimyrv9Qc3SyY7dOrP4nYX1sR4Ky2gXCge4unl7hiXRU8FOs2r1uPap20TDYshnjSVjJIduqLxg]

No content

< 404 NOT_FOUND Not Found
< Content-Type: [application/json]
< Cache-Control: [no-cache, no-store, max-age=0, must-revalidate]
< Pragma: [no-cache]
< Expires: [0]
< X-Content-Type-Options: [nosniff]
< X-Frame-Options: [DENY]
< X-XSS-Protection: [1 ; mode=block]
< Referrer-Policy: [no-referrer]
< content-length: [105]

{"timestamp":1664817179695,"path":"/api/task","status":404,"error":"Not Found","requestId":"5713a9ab-14"}

]]></system-out>
  </testcase>
  <testcase name="whenDeletingColumnWithValidParams_thenExpectOkStatus" classname="com.trello.clone.integration.AlmendeServiceIT$NestedColumnDeleteST" time="0.013">
    <failure message="Status expected:&lt;200 OK&gt; but was:&lt;404 NOT_FOUND&gt;" type="java.lang.AssertionError"><![CDATA[java.lang.AssertionError: Status expected:<200 OK> but was:<404 NOT_FOUND>
]]></failure>
    <system-out><![CDATA[00:12:59.707 [main] DEBUG org.springframework.web.reactive.function.client.ExchangeFunctions - [6cbe68e9] HTTP DELETE http://localhost:49166/api/column?board=foo&column=bar
00:12:59.707 [reactor-http-epoll-2] DEBUG reactor.netty.resources.PooledConnectionProvider - [1f19a60f, L:/127.0.0.1:44916 - R:localhost/127.0.0.1:49166] Channel acquired, now: 1 active connections, 0 inactive connections and 0 pending acquire requests.
00:12:59.707 [reactor-http-epoll-2] DEBUG reactor.netty.http.client.HttpClientConnect - [1f19a60f-15, L:/127.0.0.1:44916 - R:localhost/127.0.0.1:49166] Handler is being applied: {uri=http://localhost:49166/api/column?board=foo&column=bar, method=DELETE}
00:12:59.708 [reactor-http-epoll-2] DEBUG reactor.netty.resources.DefaultPooledConnectionProvider - [1f19a60f-15, L:/127.0.0.1:44916 - R:localhost/127.0.0.1:49166] onStateChange(DELETE{uri=/api/column?board=foo&column=bar, connection=PooledConnection{channel=[id: 0x1f19a60f, L:/127.0.0.1:44916 - R:localhost/127.0.0.1:49166]}}, [request_prepared])
00:12:59.709 [reactor-http-epoll-2] DEBUG reactor.netty.resources.DefaultPooledConnectionProvider - [1f19a60f-15, L:/127.0.0.1:44916 - R:localhost/127.0.0.1:49166] onStateChange(DELETE{uri=/api/column?board=foo&column=bar, connection=PooledConnection{channel=[id: 0x1f19a60f, L:/127.0.0.1:44916 - R:localhost/127.0.0.1:49166]}}, [request_sent])
00:12:59.714 [reactor-http-epoll-2] DEBUG reactor.netty.http.client.HttpClientOperations - [1f19a60f-15, L:/127.0.0.1:44916 - R:localhost/127.0.0.1:49166] Received response (auto-read:false) : [Content-Type=application/json, Cache-Control=no-cache, no-store, max-age=0, must-revalidate, Pragma=no-cache, Expires=0, X-Content-Type-Options=nosniff, X-Frame-Options=DENY, X-XSS-Protection=1 ; mode=block, Referrer-Policy=no-referrer, content-length=107]
00:12:59.715 [reactor-http-epoll-2] DEBUG reactor.netty.resources.DefaultPooledConnectionProvider - [1f19a60f-15, L:/127.0.0.1:44916 - R:localhost/127.0.0.1:49166] onStateChange(DELETE{uri=/api/column?board=foo&column=bar, connection=PooledConnection{channel=[id: 0x1f19a60f, L:/127.0.0.1:44916 - R:localhost/127.0.0.1:49166]}}, [response_received])
00:12:59.715 [reactor-http-epoll-2] DEBUG org.springframework.web.reactive.function.client.ExchangeFunctions - [6cbe68e9] [1f19a60f-15, L:/127.0.0.1:44916 - R:localhost/127.0.0.1:49166] Response 404 NOT_FOUND
00:12:59.715 [reactor-http-epoll-2] DEBUG reactor.netty.http.client.HttpClientOperations - [1f19a60f-15, L:/127.0.0.1:44916 - R:localhost/127.0.0.1:49166] Received last HTTP packet
00:12:59.716 [reactor-http-epoll-2] DEBUG reactor.netty.resources.DefaultPooledConnectionProvider - [1f19a60f, L:/127.0.0.1:44916 - R:localhost/127.0.0.1:49166] onStateChange(DELETE{uri=/api/column?board=foo&column=bar, connection=PooledConnection{channel=[id: 0x1f19a60f, L:/127.0.0.1:44916 - R:localhost/127.0.0.1:49166]}}, [response_completed])
00:12:59.716 [reactor-http-epoll-2] DEBUG reactor.netty.resources.DefaultPooledConnectionProvider - [1f19a60f, L:/127.0.0.1:44916 - R:localhost/127.0.0.1:49166] onStateChange(DELETE{uri=/api/column?board=foo&column=bar, connection=PooledConnection{channel=[id: 0x1f19a60f, L:/127.0.0.1:44916 - R:localhost/127.0.0.1:49166]}}, [disconnecting])
00:12:59.716 [reactor-http-epoll-2] DEBUG reactor.netty.resources.DefaultPooledConnectionProvider - [1f19a60f, L:/127.0.0.1:44916 - R:localhost/127.0.0.1:49166] Releasing channel
00:12:59.716 [reactor-http-epoll-2] DEBUG reactor.netty.resources.PooledConnectionProvider - [1f19a60f, L:/127.0.0.1:44916 - R:localhost/127.0.0.1:49166] Channel cleaned, now: 0 active connections, 1 inactive connections and 0 pending acquire requests.
00:12:59.716 [reactor-http-epoll-2] DEBUG reactor.netty.channel.FluxReceive - [1f19a60f, L:/127.0.0.1:44916 - R:localhost/127.0.0.1:49166] FluxReceive{pending=1, cancelled=false, inboundDone=true, inboundError=null}: subscribing inbound receiver
00:12:59.716 [main] ERROR org.springframework.test.web.reactive.server.ExchangeResult - Request details for assertion failure:

> DELETE http://localhost:49166/api/column?board=foo&column=bar
> accept-encoding: [gzip]
> user-agent: [ReactorNetty/1.0.20]
> host: [localhost:49166]
> Content-Type: [application/json]
> Accept: [application/json]
> WebTestClient-Request-Id: [1]
> Authorization: [Bearer eyJ0eXAiOiJKV1QiLCJhbGciOiJIUzUxMiJ9.eyJzdWIiOiJjN2NmMWU3ZC01NjgzLTRiYmEtYTc0OS1mNzFmNjgyZGRjZTIiLCJpc3MiOiJBZ2lsZSBJZGVudGl0eSBTZXJ2aWNlIiwiZXhwIjoxNjY0ODE4OTc5LCJpYXQiOjE2NjQ4MTcxNzksImp0aSI6IjVhMzdmZDQ2LTE5YmMtNGY0Mi1hZjZmLThlYTQ2YTJjNDZkZSJ9.uWicxVByeMKMimyrv9Qc3SyY7dOrP4nYX1sR4Ky2gXCge4unl7hiXRU8FOs2r1uPap20TDYshnjSVjJIduqLxg]

No content

< 404 NOT_FOUND Not Found
< Content-Type: [application/json]
< Cache-Control: [no-cache, no-store, max-age=0, must-revalidate]
< Pragma: [no-cache]
< Expires: [0]
< X-Content-Type-Options: [nosniff]
< X-Frame-Options: [DENY]
< X-XSS-Protection: [1 ; mode=block]
< Referrer-Policy: [no-referrer]
< content-length: [107]

{"timestamp":1664817179711,"path":"/api/column","status":404,"error":"Not Found","requestId":"5713a9ab-15"}

]]></system-out>
  </testcase>
  <testcase name="whenDeletingBoardWithValidParams_thenExpectOkStatus" classname="com.trello.clone.integration.AlmendeServiceIT$NestedBoardDeleteST" time="0.015">
    <failure message="Status expected:&lt;200 OK&gt; but was:&lt;404 NOT_FOUND&gt;" type="java.lang.AssertionError"><![CDATA[java.lang.AssertionError: Status expected:<200 OK> but was:<404 NOT_FOUND>
]]></failure>
    <system-out><![CDATA[00:12:59.721 [main] DEBUG org.springframework.web.reactive.function.client.ExchangeFunctions - [49f3ff41] HTTP DELETE http://localhost:49166/api/board?name=foo
00:12:59.721 [reactor-http-epoll-2] DEBUG reactor.netty.resources.PooledConnectionProvider - [1f19a60f, L:/127.0.0.1:44916 - R:localhost/127.0.0.1:49166] Channel acquired, now: 1 active connections, 0 inactive connections and 0 pending acquire requests.
00:12:59.721 [reactor-http-epoll-2] DEBUG reactor.netty.http.client.HttpClientConnect - [1f19a60f-16, L:/127.0.0.1:44916 - R:localhost/127.0.0.1:49166] Handler is being applied: {uri=http://localhost:49166/api/board?name=foo, method=DELETE}
00:12:59.721 [reactor-http-epoll-2] DEBUG reactor.netty.resources.DefaultPooledConnectionProvider - [1f19a60f-16, L:/127.0.0.1:44916 - R:localhost/127.0.0.1:49166] onStateChange(DELETE{uri=/api/board?name=foo, connection=PooledConnection{channel=[id: 0x1f19a60f, L:/127.0.0.1:44916 - R:localhost/127.0.0.1:49166]}}, [request_prepared])
00:12:59.722 [reactor-http-epoll-2] DEBUG reactor.netty.resources.DefaultPooledConnectionProvider - [1f19a60f-16, L:/127.0.0.1:44916 - R:localhost/127.0.0.1:49166] onStateChange(DELETE{uri=/api/board?name=foo, connection=PooledConnection{channel=[id: 0x1f19a60f, L:/127.0.0.1:44916 - R:localhost/127.0.0.1:49166]}}, [request_sent])
00:12:59.730 [reactor-http-epoll-2] DEBUG reactor.netty.http.client.HttpClientOperations - [1f19a60f-16, L:/127.0.0.1:44916 - R:localhost/127.0.0.1:49166] Received response (auto-read:false) : [Content-Type=application/json, Cache-Control=no-cache, no-store, max-age=0, must-revalidate, Pragma=no-cache, Expires=0, X-Content-Type-Options=nosniff, X-Frame-Options=DENY, X-XSS-Protection=1 ; mode=block, Referrer-Policy=no-referrer, content-length=106]
00:12:59.730 [reactor-http-epoll-2] DEBUG reactor.netty.resources.DefaultPooledConnectionProvider - [1f19a60f-16, L:/127.0.0.1:44916 - R:localhost/127.0.0.1:49166] onStateChange(DELETE{uri=/api/board?name=foo, connection=PooledConnection{channel=[id: 0x1f19a60f, L:/127.0.0.1:44916 - R:localhost/127.0.0.1:49166]}}, [response_received])
00:12:59.730 [reactor-http-epoll-2] DEBUG org.springframework.web.reactive.function.client.ExchangeFunctions - [49f3ff41] [1f19a60f-16, L:/127.0.0.1:44916 - R:localhost/127.0.0.1:49166] Response 404 NOT_FOUND
00:12:59.731 [reactor-http-epoll-2] DEBUG reactor.netty.http.client.HttpClientOperations - [1f19a60f-16, L:/127.0.0.1:44916 - R:localhost/127.0.0.1:49166] Received last HTTP packet
00:12:59.731 [reactor-http-epoll-2] DEBUG reactor.netty.resources.DefaultPooledConnectionProvider - [1f19a60f, L:/127.0.0.1:44916 - R:localhost/127.0.0.1:49166] onStateChange(DELETE{uri=/api/board?name=foo, connection=PooledConnection{channel=[id: 0x1f19a60f, L:/127.0.0.1:44916 - R:localhost/127.0.0.1:49166]}}, [response_completed])
00:12:59.731 [reactor-http-epoll-2] DEBUG reactor.netty.resources.DefaultPooledConnectionProvider - [1f19a60f, L:/127.0.0.1:44916 - R:localhost/127.0.0.1:49166] onStateChange(DELETE{uri=/api/board?name=foo, connection=PooledConnection{channel=[id: 0x1f19a60f, L:/127.0.0.1:44916 - R:localhost/127.0.0.1:49166]}}, [disconnecting])
00:12:59.731 [reactor-http-epoll-2] DEBUG reactor.netty.resources.DefaultPooledConnectionProvider - [1f19a60f, L:/127.0.0.1:44916 - R:localhost/127.0.0.1:49166] Releasing channel
00:12:59.732 [reactor-http-epoll-2] DEBUG reactor.netty.resources.PooledConnectionProvider - [1f19a60f, L:/127.0.0.1:44916 - R:localhost/127.0.0.1:49166] Channel cleaned, now: 0 active connections, 1 inactive connections and 0 pending acquire requests.
00:12:59.732 [reactor-http-epoll-2] DEBUG reactor.netty.channel.FluxReceive - [1f19a60f, L:/127.0.0.1:44916 - R:localhost/127.0.0.1:49166] FluxReceive{pending=1, cancelled=false, inboundDone=true, inboundError=null}: subscribing inbound receiver
00:12:59.732 [main] ERROR org.springframework.test.web.reactive.server.ExchangeResult - Request details for assertion failure:

> DELETE http://localhost:49166/api/board?name=foo
> accept-encoding: [gzip]
> user-agent: [ReactorNetty/1.0.20]
> host: [localhost:49166]
> Content-Type: [application/json]
> Accept: [application/json]
> WebTestClient-Request-Id: [1]
> Authorization: [Bearer eyJ0eXAiOiJKV1QiLCJhbGciOiJIUzUxMiJ9.eyJzdWIiOiJjN2NmMWU3ZC01NjgzLTRiYmEtYTc0OS1mNzFmNjgyZGRjZTIiLCJpc3MiOiJBZ2lsZSBJZGVudGl0eSBTZXJ2aWNlIiwiZXhwIjoxNjY0ODE4OTc5LCJpYXQiOjE2NjQ4MTcxNzksImp0aSI6IjVhMzdmZDQ2LTE5YmMtNGY0Mi1hZjZmLThlYTQ2YTJjNDZkZSJ9.uWicxVByeMKMimyrv9Qc3SyY7dOrP4nYX1sR4Ky2gXCge4unl7hiXRU8FOs2r1uPap20TDYshnjSVjJIduqLxg]

No content

< 404 NOT_FOUND Not Found
< Content-Type: [application/json]
< Cache-Control: [no-cache, no-store, max-age=0, must-revalidate]
< Pragma: [no-cache]
< Expires: [0]
< X-Content-Type-Options: [nosniff]
< X-Frame-Options: [DENY]
< X-XSS-Protection: [1 ; mode=block]
< Referrer-Policy: [no-referrer]
< content-length: [106]

{"timestamp":1664817179725,"path":"/api/board","status":404,"error":"Not Found","requestId":"5713a9ab-16"}

]]></system-out>
  </testcase>
</testsuite>